 
 
 
 
 
14 Jun 2023 11:27:00,996 | [4] | ERROR | ~1 | EMPTY NLB Token
 
 
 
 
 
 
14 Jun 2023 11:30:04,438 | [4] | ERROR | ~1 | EMPTY NLB Token
 
 
 
14 Jun 2023 11:30:13,499 | [48] | ERROR | LAIBLRLT6156:0C:9A:3C:40:97:73:HostService:HostService:HTTP could not register URL http://+:9095/arms/IDBO/. Another application has already registered this URL with HTTP.SYS.:http://172.18.11.30:9095/arms/IDBO
System.ServiceModel.AddressAlreadyInUseException: HTTP could not register URL http://+:9095/arms/IDBO/. Another application has already registered this URL with HTTP.SYS. ---> System.Net.HttpListenerException: Failed to listen on prefix 'http://+:9095/arms/IDBO/' because it conflicts with an existing registration on the machine.
   at System.Net.HttpListener.AddAllPrefixes()
   at System.Net.HttpListener.Start()
   at System.ServiceModel.Channels.SharedHttpTransportManager.OnOpen()
   --- End of inner exception stack trace ---
   at System.ServiceModel.Channels.SharedHttpTransportManager.OnOpen()
   at System.ServiceModel.Channels.TransportManager.Open(TransportChannelListener channelListener)
   at System.ServiceModel.Channels.TransportManagerContainer.Open(SelectTransportManagersCallback selectTransportManagerCallback)
   at System.ServiceModel.Channels.TransportChannelListener.OnOpen(TimeSpan timeout)
   at System.ServiceModel.Channels.HttpChannelListener`1.OnOpen(TimeSpan timeout)
   at System.ServiceModel.Channels.CommunicationObject.Open(TimeSpan timeout)
   at System.ServiceModel.Dispatcher.ChannelDispatcher.OnOpen(TimeSpan timeout)
   at System.ServiceModel.Channels.CommunicationObject.Open(TimeSpan timeout)
   at System.ServiceModel.ServiceHostBase.OnOpen(TimeSpan timeout)
   at System.ServiceModel.Channels.CommunicationObject.Open(TimeSpan timeout)
   at Arms.GlobalLibrary.ServiceHosting.HostService()
14 Jun 2023 11:30:13,543 | [48] | ERROR | LAIBLRLT6156:0C:9A:3C:40:97:73:HostService:HostService:HTTP could not register URL http://+:9095/arms/IFIO/. Another application has already registered this URL with HTTP.SYS.:http://172.18.11.30:9095/arms/IFIO
System.ServiceModel.AddressAlreadyInUseException: HTTP could not register URL http://+:9095/arms/IFIO/. Another application has already registered this URL with HTTP.SYS. ---> System.Net.HttpListenerException: Failed to listen on prefix 'http://+:9095/arms/IFIO/' because it conflicts with an existing registration on the machine.
   at System.Net.HttpListener.AddAllPrefixes()
   at System.Net.HttpListener.Start()
   at System.ServiceModel.Channels.SharedHttpTransportManager.OnOpen()
   --- End of inner exception stack trace ---
   at System.ServiceModel.Channels.SharedHttpTransportManager.OnOpen()
   at System.ServiceModel.Channels.TransportManager.Open(TransportChannelListener channelListener)
   at System.ServiceModel.Channels.TransportManagerContainer.Open(SelectTransportManagersCallback selectTransportManagerCallback)
   at System.ServiceModel.Channels.TransportChannelListener.OnOpen(TimeSpan timeout)
   at System.ServiceModel.Channels.HttpChannelListener`1.OnOpen(TimeSpan timeout)
   at System.ServiceModel.Channels.CommunicationObject.Open(TimeSpan timeout)
   at System.ServiceModel.Dispatcher.ChannelDispatcher.OnOpen(TimeSpan timeout)
   at System.ServiceModel.Channels.CommunicationObject.Open(TimeSpan timeout)
   at System.ServiceModel.ServiceHostBase.OnOpen(TimeSpan timeout)
   at System.ServiceModel.Channels.CommunicationObject.Open(TimeSpan timeout)
   at Arms.GlobalLibrary.ServiceHosting.HostService()
14 Jun 2023 11:30:13,554 | [48] | ERROR | LAIBLRLT6156:0C:9A:3C:40:97:73:HostService:HostService:HTTP could not register URL http://+:9095/arms/IDSO/. Another application has already registered this URL with HTTP.SYS.:http://172.18.11.30:9095/arms/IDSO
System.ServiceModel.AddressAlreadyInUseException: HTTP could not register URL http://+:9095/arms/IDSO/. Another application has already registered this URL with HTTP.SYS. ---> System.Net.HttpListenerException: Failed to listen on prefix 'http://+:9095/arms/IDSO/' because it conflicts with an existing registration on the machine.
   at System.Net.HttpListener.AddAllPrefixes()
   at System.Net.HttpListener.Start()
   at System.ServiceModel.Channels.SharedHttpTransportManager.OnOpen()
   --- End of inner exception stack trace ---
   at System.ServiceModel.Channels.SharedHttpTransportManager.OnOpen()
   at System.ServiceModel.Channels.TransportManager.Open(TransportChannelListener channelListener)
   at System.ServiceModel.Channels.TransportManagerContainer.Open(SelectTransportManagersCallback selectTransportManagerCallback)
   at System.ServiceModel.Channels.TransportChannelListener.OnOpen(TimeSpan timeout)
   at System.ServiceModel.Channels.HttpChannelListener`1.OnOpen(TimeSpan timeout)
   at System.ServiceModel.Channels.CommunicationObject.Open(TimeSpan timeout)
   at System.ServiceModel.Dispatcher.ChannelDispatcher.OnOpen(TimeSpan timeout)
   at System.ServiceModel.Channels.CommunicationObject.Open(TimeSpan timeout)
   at System.ServiceModel.ServiceHostBase.OnOpen(TimeSpan timeout)
   at System.ServiceModel.Channels.CommunicationObject.Open(TimeSpan timeout)
   at Arms.GlobalLibrary.ServiceHosting.HostService()
14 Jun 2023 11:30:13,583 | [48] | ERROR | LAIBLRLT6156:0C:9A:3C:40:97:73:HostService:HostService:HTTP could not register URL http://+:9095/arms/IUSO/. Another application has already registered this URL with HTTP.SYS.:http://172.18.11.30:9095/arms/IUSO
System.ServiceModel.AddressAlreadyInUseException: HTTP could not register URL http://+:9095/arms/IUSO/. Another application has already registered this URL with HTTP.SYS. ---> System.Net.HttpListenerException: Failed to listen on prefix 'http://+:9095/arms/IUSO/' because it conflicts with an existing registration on the machine.
   at System.Net.HttpListener.AddAllPrefixes()
   at System.Net.HttpListener.Start()
   at System.ServiceModel.Channels.SharedHttpTransportManager.OnOpen()
   --- End of inner exception stack trace ---
   at System.ServiceModel.Channels.SharedHttpTransportManager.OnOpen()
   at System.ServiceModel.Channels.TransportManager.Open(TransportChannelListener channelListener)
   at System.ServiceModel.Channels.TransportManagerContainer.Open(SelectTransportManagersCallback selectTransportManagerCallback)
   at System.ServiceModel.Channels.TransportChannelListener.OnOpen(TimeSpan timeout)
   at System.ServiceModel.Channels.HttpChannelListener`1.OnOpen(TimeSpan timeout)
   at System.ServiceModel.Channels.CommunicationObject.Open(TimeSpan timeout)
   at System.ServiceModel.Dispatcher.ChannelDispatcher.OnOpen(TimeSpan timeout)
   at System.ServiceModel.Channels.CommunicationObject.Open(TimeSpan timeout)
   at System.ServiceModel.ServiceHostBase.OnOpen(TimeSpan timeout)
   at System.ServiceModel.Channels.CommunicationObject.Open(TimeSpan timeout)
   at Arms.GlobalLibrary.ServiceHosting.HostService()
14 Jun 2023 11:30:13,599 | [48] | ERROR | LAIBLRLT6156:0C:9A:3C:40:97:73:HostService:HostService:HTTP could not register URL http://+:9095/arms/ISVO/. Another application has already registered this URL with HTTP.SYS.:http://172.18.11.30:9095/arms/ISVO
System.ServiceModel.AddressAlreadyInUseException: HTTP could not register URL http://+:9095/arms/ISVO/. Another application has already registered this URL with HTTP.SYS. ---> System.Net.HttpListenerException: Failed to listen on prefix 'http://+:9095/arms/ISVO/' because it conflicts with an existing registration on the machine.
   at System.Net.HttpListener.AddAllPrefixes()
   at System.Net.HttpListener.Start()
   at System.ServiceModel.Channels.SharedHttpTransportManager.OnOpen()
   --- End of inner exception stack trace ---
   at System.ServiceModel.Channels.SharedHttpTransportManager.OnOpen()
   at System.ServiceModel.Channels.TransportManager.Open(TransportChannelListener channelListener)
   at System.ServiceModel.Channels.TransportManagerContainer.Open(SelectTransportManagersCallback selectTransportManagerCallback)
   at System.ServiceModel.Channels.TransportChannelListener.OnOpen(TimeSpan timeout)
   at System.ServiceModel.Channels.HttpChannelListener`1.OnOpen(TimeSpan timeout)
   at System.ServiceModel.Channels.CommunicationObject.Open(TimeSpan timeout)
   at System.ServiceModel.Dispatcher.ChannelDispatcher.OnOpen(TimeSpan timeout)
   at System.ServiceModel.Channels.CommunicationObject.Open(TimeSpan timeout)
   at System.ServiceModel.ServiceHostBase.OnOpen(TimeSpan timeout)
   at System.ServiceModel.Channels.CommunicationObject.Open(TimeSpan timeout)
   at Arms.GlobalLibrary.ServiceHosting.HostService()
14 Jun 2023 11:30:13,614 | [48] | ERROR | LAIBLRLT6156:0C:9A:3C:40:97:73:HostService:HostService:HTTP could not register URL http://+:9095/arms/IMDO/. Another application has already registered this URL with HTTP.SYS.:http://172.18.11.30:9095/arms/IMDO
System.ServiceModel.AddressAlreadyInUseException: HTTP could not register URL http://+:9095/arms/IMDO/. Another application has already registered this URL with HTTP.SYS. ---> System.Net.HttpListenerException: Failed to listen on prefix 'http://+:9095/arms/IMDO/' because it conflicts with an existing registration on the machine.
   at System.Net.HttpListener.AddAllPrefixes()
   at System.Net.HttpListener.Start()
   at System.ServiceModel.Channels.SharedHttpTransportManager.OnOpen()
   --- End of inner exception stack trace ---
   at System.ServiceModel.Channels.SharedHttpTransportManager.OnOpen()
   at System.ServiceModel.Channels.TransportManager.Open(TransportChannelListener channelListener)
   at System.ServiceModel.Channels.TransportManagerContainer.Open(SelectTransportManagersCallback selectTransportManagerCallback)
   at System.ServiceModel.Channels.TransportChannelListener.OnOpen(TimeSpan timeout)
   at System.ServiceModel.Channels.HttpChannelListener`1.OnOpen(TimeSpan timeout)
   at System.ServiceModel.Channels.CommunicationObject.Open(TimeSpan timeout)
   at System.ServiceModel.Dispatcher.ChannelDispatcher.OnOpen(TimeSpan timeout)
   at System.ServiceModel.Channels.CommunicationObject.Open(TimeSpan timeout)
   at System.ServiceModel.ServiceHostBase.OnOpen(TimeSpan timeout)
   at System.ServiceModel.Channels.CommunicationObject.Open(TimeSpan timeout)
   at Arms.GlobalLibrary.ServiceHosting.HostService()
14 Jun 2023 11:30:13,625 | [48] | ERROR | LAIBLRLT6156:0C:9A:3C:40:97:73:HostService:HostService:HTTP could not register URL http://+:9095/arms/IEMO/. Another application has already registered this URL with HTTP.SYS.:http://172.18.11.30:9095/arms/IEMO
System.ServiceModel.AddressAlreadyInUseException: HTTP could not register URL http://+:9095/arms/IEMO/. Another application has already registered this URL with HTTP.SYS. ---> System.Net.HttpListenerException: Failed to listen on prefix 'http://+:9095/arms/IEMO/' because it conflicts with an existing registration on the machine.
   at System.Net.HttpListener.AddAllPrefixes()
   at System.Net.HttpListener.Start()
   at System.ServiceModel.Channels.SharedHttpTransportManager.OnOpen()
   --- End of inner exception stack trace ---
   at System.ServiceModel.Channels.SharedHttpTransportManager.OnOpen()
   at System.ServiceModel.Channels.TransportManager.Open(TransportChannelListener channelListener)
   at System.ServiceModel.Channels.TransportManagerContainer.Open(SelectTransportManagersCallback selectTransportManagerCallback)
   at System.ServiceModel.Channels.TransportChannelListener.OnOpen(TimeSpan timeout)
   at System.ServiceModel.Channels.HttpChannelListener`1.OnOpen(TimeSpan timeout)
   at System.ServiceModel.Channels.CommunicationObject.Open(TimeSpan timeout)
   at System.ServiceModel.Dispatcher.ChannelDispatcher.OnOpen(TimeSpan timeout)
   at System.ServiceModel.Channels.CommunicationObject.Open(TimeSpan timeout)
   at System.ServiceModel.ServiceHostBase.OnOpen(TimeSpan timeout)
   at System.ServiceModel.Channels.CommunicationObject.Open(TimeSpan timeout)
   at Arms.GlobalLibrary.ServiceHosting.HostService()
14 Jun 2023 11:30:13,638 | [48] | ERROR | LAIBLRLT6156:0C:9A:3C:40:97:73:HostService:HostService:HTTP could not register URL http://+:9095/arms/ISMO/. Another application has already registered this URL with HTTP.SYS.:http://172.18.11.30:9095/arms/ISMO
System.ServiceModel.AddressAlreadyInUseException: HTTP could not register URL http://+:9095/arms/ISMO/. Another application has already registered this URL with HTTP.SYS. ---> System.Net.HttpListenerException: Failed to listen on prefix 'http://+:9095/arms/ISMO/' because it conflicts with an existing registration on the machine.
   at System.Net.HttpListener.AddAllPrefixes()
   at System.Net.HttpListener.Start()
   at System.ServiceModel.Channels.SharedHttpTransportManager.OnOpen()
   --- End of inner exception stack trace ---
   at System.ServiceModel.Channels.SharedHttpTransportManager.OnOpen()
   at System.ServiceModel.Channels.TransportManager.Open(TransportChannelListener channelListener)
   at System.ServiceModel.Channels.TransportManagerContainer.Open(SelectTransportManagersCallback selectTransportManagerCallback)
   at System.ServiceModel.Channels.TransportChannelListener.OnOpen(TimeSpan timeout)
   at System.ServiceModel.Channels.HttpChannelListener`1.OnOpen(TimeSpan timeout)
   at System.ServiceModel.Channels.CommunicationObject.Open(TimeSpan timeout)
   at System.ServiceModel.Dispatcher.ChannelDispatcher.OnOpen(TimeSpan timeout)
   at System.ServiceModel.Channels.CommunicationObject.Open(TimeSpan timeout)
   at System.ServiceModel.ServiceHostBase.OnOpen(TimeSpan timeout)
   at System.ServiceModel.Channels.CommunicationObject.Open(TimeSpan timeout)
   at Arms.GlobalLibrary.ServiceHosting.HostService()
14 Jun 2023 11:30:13,647 | [48] | ERROR | LAIBLRLT6156:0C:9A:3C:40:97:73:HostService:HostService:HTTP could not register URL http://+:9095/arms/ILMO/. Another application has already registered this URL with HTTP.SYS.:http://172.18.11.30:9095/arms/ILMO
System.ServiceModel.AddressAlreadyInUseException: HTTP could not register URL http://+:9095/arms/ILMO/. Another application has already registered this URL with HTTP.SYS. ---> System.Net.HttpListenerException: Failed to listen on prefix 'http://+:9095/arms/ILMO/' because it conflicts with an existing registration on the machine.
   at System.Net.HttpListener.AddAllPrefixes()
   at System.Net.HttpListener.Start()
   at System.ServiceModel.Channels.SharedHttpTransportManager.OnOpen()
   --- End of inner exception stack trace ---
   at System.ServiceModel.Channels.SharedHttpTransportManager.OnOpen()
   at System.ServiceModel.Channels.TransportManager.Open(TransportChannelListener channelListener)
   at System.ServiceModel.Channels.TransportManagerContainer.Open(SelectTransportManagersCallback selectTransportManagerCallback)
   at System.ServiceModel.Channels.TransportChannelListener.OnOpen(TimeSpan timeout)
   at System.ServiceModel.Channels.HttpChannelListener`1.OnOpen(TimeSpan timeout)
   at System.ServiceModel.Channels.CommunicationObject.Open(TimeSpan timeout)
   at System.ServiceModel.Dispatcher.ChannelDispatcher.OnOpen(TimeSpan timeout)
   at System.ServiceModel.Channels.CommunicationObject.Open(TimeSpan timeout)
   at System.ServiceModel.ServiceHostBase.OnOpen(TimeSpan timeout)
   at System.ServiceModel.Channels.CommunicationObject.Open(TimeSpan timeout)
   at Arms.GlobalLibrary.ServiceHosting.HostService()
14 Jun 2023 11:30:13,657 | [48] | ERROR | LAIBLRLT6156:0C:9A:3C:40:97:73:HostService:HostService:HTTP could not register URL http://+:9095/arms/IVER/. Another application has already registered this URL with HTTP.SYS.:http://172.18.11.30:9095/arms/IVER
System.ServiceModel.AddressAlreadyInUseException: HTTP could not register URL http://+:9095/arms/IVER/. Another application has already registered this URL with HTTP.SYS. ---> System.Net.HttpListenerException: Failed to listen on prefix 'http://+:9095/arms/IVER/' because it conflicts with an existing registration on the machine.
   at System.Net.HttpListener.AddAllPrefixes()
   at System.Net.HttpListener.Start()
   at System.ServiceModel.Channels.SharedHttpTransportManager.OnOpen()
   --- End of inner exception stack trace ---
   at System.ServiceModel.Channels.SharedHttpTransportManager.OnOpen()
   at System.ServiceModel.Channels.TransportManager.Open(TransportChannelListener channelListener)
   at System.ServiceModel.Channels.TransportManagerContainer.Open(SelectTransportManagersCallback selectTransportManagerCallback)
   at System.ServiceModel.Channels.TransportChannelListener.OnOpen(TimeSpan timeout)
   at System.ServiceModel.Channels.HttpChannelListener`1.OnOpen(TimeSpan timeout)
   at System.ServiceModel.Channels.CommunicationObject.Open(TimeSpan timeout)
   at System.ServiceModel.Dispatcher.ChannelDispatcher.OnOpen(TimeSpan timeout)
   at System.ServiceModel.Channels.CommunicationObject.Open(TimeSpan timeout)
   at System.ServiceModel.ServiceHostBase.OnOpen(TimeSpan timeout)
   at System.ServiceModel.Channels.CommunicationObject.Open(TimeSpan timeout)
   at Arms.GlobalLibrary.ServiceHosting.HostService()
14 Jun 2023 11:30:13,666 | [48] | ERROR | LAIBLRLT6156:0C:9A:3C:40:97:73:HostService:HostService:HTTP could not register URL http://+:9095/arms/ISYN/. Another application has already registered this URL with HTTP.SYS.:http://172.18.11.30:9095/arms/ISYN
System.ServiceModel.AddressAlreadyInUseException: HTTP could not register URL http://+:9095/arms/ISYN/. Another application has already registered this URL with HTTP.SYS. ---> System.Net.HttpListenerException: Failed to listen on prefix 'http://+:9095/arms/ISYN/' because it conflicts with an existing registration on the machine.
   at System.Net.HttpListener.AddAllPrefixes()
   at System.Net.HttpListener.Start()
   at System.ServiceModel.Channels.SharedHttpTransportManager.OnOpen()
   --- End of inner exception stack trace ---
   at System.ServiceModel.Channels.SharedHttpTransportManager.OnOpen()
   at System.ServiceModel.Channels.TransportManager.Open(TransportChannelListener channelListener)
   at System.ServiceModel.Channels.TransportManagerContainer.Open(SelectTransportManagersCallback selectTransportManagerCallback)
   at System.ServiceModel.Channels.TransportChannelListener.OnOpen(TimeSpan timeout)
   at System.ServiceModel.Channels.HttpChannelListener`1.OnOpen(TimeSpan timeout)
   at System.ServiceModel.Channels.CommunicationObject.Open(TimeSpan timeout)
   at System.ServiceModel.Dispatcher.ChannelDispatcher.OnOpen(TimeSpan timeout)
   at System.ServiceModel.Channels.CommunicationObject.Open(TimeSpan timeout)
   at System.ServiceModel.ServiceHostBase.OnOpen(TimeSpan timeout)
   at System.ServiceModel.Channels.CommunicationObject.Open(TimeSpan timeout)
   at Arms.GlobalLibrary.ServiceHosting.HostService()
14 Jun 2023 11:30:13,677 | [48] | ERROR | LAIBLRLT6156:0C:9A:3C:40:97:73:HostService:HostService:HTTP could not register URL http://+:9095/arms/ILBO/. Another application has already registered this URL with HTTP.SYS.:http://172.18.11.30:9095/arms/ILBO
System.ServiceModel.AddressAlreadyInUseException: HTTP could not register URL http://+:9095/arms/ILBO/. Another application has already registered this URL with HTTP.SYS. ---> System.Net.HttpListenerException: Failed to listen on prefix 'http://+:9095/arms/ILBO/' because it conflicts with an existing registration on the machine.
   at System.Net.HttpListener.AddAllPrefixes()
   at System.Net.HttpListener.Start()
   at System.ServiceModel.Channels.SharedHttpTransportManager.OnOpen()
   --- End of inner exception stack trace ---
   at System.ServiceModel.Channels.SharedHttpTransportManager.OnOpen()
   at System.ServiceModel.Channels.TransportManager.Open(TransportChannelListener channelListener)
   at System.ServiceModel.Channels.TransportManagerContainer.Open(SelectTransportManagersCallback selectTransportManagerCallback)
   at System.ServiceModel.Channels.TransportChannelListener.OnOpen(TimeSpan timeout)
   at System.ServiceModel.Channels.HttpChannelListener`1.OnOpen(TimeSpan timeout)
   at System.ServiceModel.Channels.CommunicationObject.Open(TimeSpan timeout)
   at System.ServiceModel.Dispatcher.ChannelDispatcher.OnOpen(TimeSpan timeout)
   at System.ServiceModel.Channels.CommunicationObject.Open(TimeSpan timeout)
   at System.ServiceModel.ServiceHostBase.OnOpen(TimeSpan timeout)
   at System.ServiceModel.Channels.CommunicationObject.Open(TimeSpan timeout)
   at Arms.GlobalLibrary.ServiceHosting.HostService()
14 Jun 2023 11:30:13,734 | [48] | ERROR | LAIBLRLT6156:0C:9A:3C:40:97:73:.ctor:Failed to listen on prefix 'http://*:8888/' because it conflicts with an existing registration on the machine.
System.Net.HttpListenerException (0x80004005): Failed to listen on prefix 'http://*:8888/' because it conflicts with an existing registration on the machine.
   at System.Net.HttpListener.AddAllPrefixes()
   at System.Net.HttpListener.Start()
   at Arms.Service.Web.WebServer..ctor(String rootPath)
14 Jun 2023 11:30:17,660 | [1] | ERROR | LAIBLRLT6156:0C:9A:3C:40:97:73::Exception has been thrown by the target of an invocation.
System.Reflection.TargetInvocationException: Exception has been thrown by the target of an invocation. ---> System.Net.HttpListenerException: Failed to listen on prefix 'http://172.18.11.30:8080/' because it conflicts with an existing registration on the machine.
   at System.Net.HttpListener.AddAllPrefixes()
   at System.Net.HttpListener.Start()
   at Microsoft.Owin.Host.HttpListener.OwinHttpListener.Start(HttpListener listener, Func`2 appFunc, IList`1 addresses, IDictionary`2 capabilities, Func`2 loggerFactory)
   at Microsoft.Owin.Host.HttpListener.OwinServerFactory.Create(Func`2 app, IDictionary`2 properties)
   --- End of inner exception stack trace ---
   at System.RuntimeMethodHandle.InvokeMethod(Object target, Object[] arguments, Signature sig, Boolean constructor)
   at System.Reflection.RuntimeMethodInfo.UnsafeInvokeInternal(Object obj, Object[] parameters, Object[] arguments)
   at System.Reflection.RuntimeMethodInfo.Invoke(Object obj, BindingFlags invokeAttr, Binder binder, Object[] parameters, CultureInfo culture)
   at Microsoft.Owin.Hosting.ServerFactory.ServerFactoryAdapter.Create(IAppBuilder builder)
   at Microsoft.Owin.Hosting.Engine.HostingEngine.Start(StartContext context)
   at Microsoft.Owin.Hosting.Starter.HostingStarter.Start(StartOptions options)
   at Arms.Service.Class.clsBootstrap..()
   at System.Threading.Tasks.Task`1.InnerInvoke()
   at System.Threading.Tasks.Task.Execute()
--- End of stack trace from previous location where exception was thrown ---
   at System.Runtime.ExceptionServices.ExceptionDispatchInfo.Throw()
   at Arms.Service.Class.clsBootstrap..()
14 Jun 2023 12:15:00,126 | [ARMS Scheduler_Worker-16] | ERROR | LAIBLRLT6156:0C:9A:3C:40:97:73:ExecuteNonQuery:ExecuteNonQuery:Violation of UNIQUE KEY constraint 'UK_MTD_APPLICATIONRESOURCEUSAGE_USAGEASOF'. Cannot insert duplicate key in object 'mtd.APPLICATIONRESOURCEUSAGE'. The duplicate key value is (2023-06-14 06:45:00.2367261).The statement has been terminated.
Microsoft.Data.SqlClient.SqlException (0x80131904): Violation of UNIQUE KEY constraint 'UK_MTD_APPLICATIONRESOURCEUSAGE_USAGEASOF'. Cannot insert duplicate key in object 'mtd.APPLICATIONRESOURCEUSAGE'. The duplicate key value is (2023-06-14 06:45:00.2367261).
The statement has been terminated.
   at Microsoft.Data.SqlClient.SqlConnection.OnError(SqlException exception, Boolean breakConnection, Action`1 wrapCloseInAction)
   at Microsoft.Data.SqlClient.TdsParser.ThrowExceptionAndWarning(TdsParserStateObject stateObj, Boolean callerHasConnectionLock, Boolean asyncClose)
   at Microsoft.Data.SqlClient.TdsParser.TryRun(RunBehavior runBehavior, SqlCommand cmdHandler, SqlDataReader dataStream, BulkCopySimpleResultSet bulkCopyHandler, TdsParserStateObject stateObj, Boolean& dataReady)
   at Microsoft.Data.SqlClient.SqlCommand.RunExecuteNonQueryTds(String methodName, Boolean async, Int32 timeout, Boolean asyncWrite)
   at Microsoft.Data.SqlClient.SqlCommand.InternalExecuteNonQuery(TaskCompletionSource`1 completion, String methodName, Boolean sendToPipe, Int32 timeout, Boolean& usedCache, Boolean asyncWrite, Boolean inRetry)
   at Microsoft.Data.SqlClient.SqlCommand.ExecuteNonQuery()
   at Arms.Service.clsDAL.ExecuteNonQuery(CommandType CommandType, String CommandText, SqlParameter[] CommandParameters)
ClientConnectionId:406cdc11-d878-4321-be1c-0e36f9dc7d1d
Error Number:2627,State:1,Class:14
14 Jun 2023 12:20:00,108 | [ARMS Scheduler_Worker-1] | ERROR | LAIBLRLT6156:0C:9A:3C:40:97:73:UserScavenger:UserScavenger
System.Messaging.MessageQueueException (0x80004005): Message that the cursor is currently pointing to has been removed from the queue by another process or by another call to Receive without the use of this cursor.
   at System.Messaging.MessageQueue.ReceiveCurrent(TimeSpan timeout, Int32 action, CursorHandle cursor, MessagePropertyFilter filter, MessageQueueTransaction internalTransaction, MessageQueueTransactionType transactionType)
   at System.Messaging.MessageEnumerator.get_Current()
   at Arms.Service.clsScheduler.UserScavengerJob.Execute(IJobExecutionContext _Context)
14 Jun 2023 12:20:00,166 | [ARMS Scheduler_Worker-4] | ERROR | LAIBLRLT6156:0C:9A:3C:40:97:73:ExecuteNonQuery:ExecuteNonQuery:Violation of UNIQUE KEY constraint 'UK_MTD_APPLICATIONRESOURCEUSAGE_USAGEASOF'. Cannot insert duplicate key in object 'mtd.APPLICATIONRESOURCEUSAGE'. The duplicate key value is (2023-06-14 06:50:00.2577637).The statement has been terminated.
Microsoft.Data.SqlClient.SqlException (0x80131904): Violation of UNIQUE KEY constraint 'UK_MTD_APPLICATIONRESOURCEUSAGE_USAGEASOF'. Cannot insert duplicate key in object 'mtd.APPLICATIONRESOURCEUSAGE'. The duplicate key value is (2023-06-14 06:50:00.2577637).
The statement has been terminated.
   at Microsoft.Data.SqlClient.SqlConnection.OnError(SqlException exception, Boolean breakConnection, Action`1 wrapCloseInAction)
   at Microsoft.Data.SqlClient.TdsParser.ThrowExceptionAndWarning(TdsParserStateObject stateObj, Boolean callerHasConnectionLock, Boolean asyncClose)
   at Microsoft.Data.SqlClient.TdsParser.TryRun(RunBehavior runBehavior, SqlCommand cmdHandler, SqlDataReader dataStream, BulkCopySimpleResultSet bulkCopyHandler, TdsParserStateObject stateObj, Boolean& dataReady)
   at Microsoft.Data.SqlClient.SqlCommand.RunExecuteNonQueryTds(String methodName, Boolean async, Int32 timeout, Boolean asyncWrite)
   at Microsoft.Data.SqlClient.SqlCommand.InternalExecuteNonQuery(TaskCompletionSource`1 completion, String methodName, Boolean sendToPipe, Int32 timeout, Boolean& usedCache, Boolean asyncWrite, Boolean inRetry)
   at Microsoft.Data.SqlClient.SqlCommand.ExecuteNonQuery()
   at Arms.Service.clsDAL.ExecuteNonQuery(CommandType CommandType, String CommandText, SqlParameter[] CommandParameters)
ClientConnectionId:86ffe35b-a2dd-40dc-9385-d0fd7c28d271
Error Number:2627,State:1,Class:14
14 Jun 2023 12:50:00,059 | [ARMS Scheduler_Worker-25] | ERROR | LAIBLRLT6156:0C:9A:3C:40:97:73:ExecuteNonQuery:ExecuteNonQuery:Violation of UNIQUE KEY constraint 'UK_MTD_APPLICATIONRESOURCEUSAGE_USAGEASOF'. Cannot insert duplicate key in object 'mtd.APPLICATIONRESOURCEUSAGE'. The duplicate key value is (2023-06-14 07:20:00.2366561).The statement has been terminated.
Microsoft.Data.SqlClient.SqlException (0x80131904): Violation of UNIQUE KEY constraint 'UK_MTD_APPLICATIONRESOURCEUSAGE_USAGEASOF'. Cannot insert duplicate key in object 'mtd.APPLICATIONRESOURCEUSAGE'. The duplicate key value is (2023-06-14 07:20:00.2366561).
The statement has been terminated.
   at Microsoft.Data.SqlClient.SqlConnection.OnError(SqlException exception, Boolean breakConnection, Action`1 wrapCloseInAction)
   at Microsoft.Data.SqlClient.TdsParser.ThrowExceptionAndWarning(TdsParserStateObject stateObj, Boolean callerHasConnectionLock, Boolean asyncClose)
   at Microsoft.Data.SqlClient.TdsParser.TryRun(RunBehavior runBehavior, SqlCommand cmdHandler, SqlDataReader dataStream, BulkCopySimpleResultSet bulkCopyHandler, TdsParserStateObject stateObj, Boolean& dataReady)
   at Microsoft.Data.SqlClient.SqlCommand.RunExecuteNonQueryTds(String methodName, Boolean async, Int32 timeout, Boolean asyncWrite)
   at Microsoft.Data.SqlClient.SqlCommand.InternalExecuteNonQuery(TaskCompletionSource`1 completion, String methodName, Boolean sendToPipe, Int32 timeout, Boolean& usedCache, Boolean asyncWrite, Boolean inRetry)
   at Microsoft.Data.SqlClient.SqlCommand.ExecuteNonQuery()
   at Arms.Service.clsDAL.ExecuteNonQuery(CommandType CommandType, String CommandText, SqlParameter[] CommandParameters)
ClientConnectionId:86ffe35b-a2dd-40dc-9385-d0fd7c28d271
Error Number:2627,State:1,Class:14
14 Jun 2023 12:55:00,065 | [ARMS Scheduler_Worker-10] | ERROR | LAIBLRLT6156:0C:9A:3C:40:97:73:ExecuteNonQuery:ExecuteNonQuery:Violation of UNIQUE KEY constraint 'UK_MTD_APPLICATIONRESOURCEUSAGE_USAGEASOF'. Cannot insert duplicate key in object 'mtd.APPLICATIONRESOURCEUSAGE'. The duplicate key value is (2023-06-14 07:25:00.2544892).The statement has been terminated.
Microsoft.Data.SqlClient.SqlException (0x80131904): Violation of UNIQUE KEY constraint 'UK_MTD_APPLICATIONRESOURCEUSAGE_USAGEASOF'. Cannot insert duplicate key in object 'mtd.APPLICATIONRESOURCEUSAGE'. The duplicate key value is (2023-06-14 07:25:00.2544892).
The statement has been terminated.
   at Microsoft.Data.SqlClient.SqlConnection.OnError(SqlException exception, Boolean breakConnection, Action`1 wrapCloseInAction)
   at Microsoft.Data.SqlClient.TdsParser.ThrowExceptionAndWarning(TdsParserStateObject stateObj, Boolean callerHasConnectionLock, Boolean asyncClose)
   at Microsoft.Data.SqlClient.TdsParser.TryRun(RunBehavior runBehavior, SqlCommand cmdHandler, SqlDataReader dataStream, BulkCopySimpleResultSet bulkCopyHandler, TdsParserStateObject stateObj, Boolean& dataReady)
   at Microsoft.Data.SqlClient.SqlCommand.RunExecuteNonQueryTds(String methodName, Boolean async, Int32 timeout, Boolean asyncWrite)
   at Microsoft.Data.SqlClient.SqlCommand.InternalExecuteNonQuery(TaskCompletionSource`1 completion, String methodName, Boolean sendToPipe, Int32 timeout, Boolean& usedCache, Boolean asyncWrite, Boolean inRetry)
   at Microsoft.Data.SqlClient.SqlCommand.ExecuteNonQuery()
   at Arms.Service.clsDAL.ExecuteNonQuery(CommandType CommandType, String CommandText, SqlParameter[] CommandParameters)
ClientConnectionId:86ffe35b-a2dd-40dc-9385-d0fd7c28d271
Error Number:2627,State:1,Class:14
14 Jun 2023 12:55:00,100 | [ARMS Scheduler_Worker-11] | ERROR | LAIBLRLT6156:0C:9A:3C:40:97:73:UserScavenger:UserScavenger
System.Messaging.MessageQueueException (0x80004005): Message that the cursor is currently pointing to has been removed from the queue by another process or by another call to Receive without the use of this cursor.
   at System.Messaging.MessageQueue.ReceiveCurrent(TimeSpan timeout, Int32 action, CursorHandle cursor, MessagePropertyFilter filter, MessageQueueTransaction internalTransaction, MessageQueueTransactionType transactionType)
   at System.Messaging.MessageEnumerator.RemoveCurrent(TimeSpan timeout, MessageQueueTransaction transaction, MessageQueueTransactionType transactionType)
   at Arms.Service.clsScheduler.UserScavengerJob.Execute(IJobExecutionContext _Context)
14 Jun 2023 13:05:00,091 | [ARMS Scheduler_Worker-18] | ERROR | LAIBLRLT6156:0C:9A:3C:40:97:73:ExecuteNonQuery:ExecuteNonQuery:Violation of UNIQUE KEY constraint 'UK_MTD_APPLICATIONRESOURCEUSAGE_USAGEASOF'. Cannot insert duplicate key in object 'mtd.APPLICATIONRESOURCEUSAGE'. The duplicate key value is (2023-06-14 07:35:00.2929329).The statement has been terminated.
Microsoft.Data.SqlClient.SqlException (0x80131904): Violation of UNIQUE KEY constraint 'UK_MTD_APPLICATIONRESOURCEUSAGE_USAGEASOF'. Cannot insert duplicate key in object 'mtd.APPLICATIONRESOURCEUSAGE'. The duplicate key value is (2023-06-14 07:35:00.2929329).
The statement has been terminated.
   at Microsoft.Data.SqlClient.SqlConnection.OnError(SqlException exception, Boolean breakConnection, Action`1 wrapCloseInAction)
   at Microsoft.Data.SqlClient.TdsParser.ThrowExceptionAndWarning(TdsParserStateObject stateObj, Boolean callerHasConnectionLock, Boolean asyncClose)
   at Microsoft.Data.SqlClient.TdsParser.TryRun(RunBehavior runBehavior, SqlCommand cmdHandler, SqlDataReader dataStream, BulkCopySimpleResultSet bulkCopyHandler, TdsParserStateObject stateObj, Boolean& dataReady)
   at Microsoft.Data.SqlClient.SqlCommand.RunExecuteNonQueryTds(String methodName, Boolean async, Int32 timeout, Boolean asyncWrite)
   at Microsoft.Data.SqlClient.SqlCommand.InternalExecuteNonQuery(TaskCompletionSource`1 completion, String methodName, Boolean sendToPipe, Int32 timeout, Boolean& usedCache, Boolean asyncWrite, Boolean inRetry)
   at Microsoft.Data.SqlClient.SqlCommand.ExecuteNonQuery()
   at Arms.Service.clsDAL.ExecuteNonQuery(CommandType CommandType, String CommandText, SqlParameter[] CommandParameters)
ClientConnectionId:406cdc11-d878-4321-be1c-0e36f9dc7d1d
Error Number:2627,State:1,Class:14
14 Jun 2023 13:10:00,079 | [ARMS Scheduler_Worker-3] | ERROR | LAIBLRLT6156:0C:9A:3C:40:97:73:ExecuteNonQuery:ExecuteNonQuery:Violation of UNIQUE KEY constraint 'UK_MTD_APPLICATIONRESOURCEUSAGE_USAGEASOF'. Cannot insert duplicate key in object 'mtd.APPLICATIONRESOURCEUSAGE'. The duplicate key value is (2023-06-14 07:40:00.2926581).The statement has been terminated.
Microsoft.Data.SqlClient.SqlException (0x80131904): Violation of UNIQUE KEY constraint 'UK_MTD_APPLICATIONRESOURCEUSAGE_USAGEASOF'. Cannot insert duplicate key in object 'mtd.APPLICATIONRESOURCEUSAGE'. The duplicate key value is (2023-06-14 07:40:00.2926581).
The statement has been terminated.
   at Microsoft.Data.SqlClient.SqlConnection.OnError(SqlException exception, Boolean breakConnection, Action`1 wrapCloseInAction)
   at Microsoft.Data.SqlClient.TdsParser.ThrowExceptionAndWarning(TdsParserStateObject stateObj, Boolean callerHasConnectionLock, Boolean asyncClose)
   at Microsoft.Data.SqlClient.TdsParser.TryRun(RunBehavior runBehavior, SqlCommand cmdHandler, SqlDataReader dataStream, BulkCopySimpleResultSet bulkCopyHandler, TdsParserStateObject stateObj, Boolean& dataReady)
   at Microsoft.Data.SqlClient.SqlCommand.RunExecuteNonQueryTds(String methodName, Boolean async, Int32 timeout, Boolean asyncWrite)
   at Microsoft.Data.SqlClient.SqlCommand.InternalExecuteNonQuery(TaskCompletionSource`1 completion, String methodName, Boolean sendToPipe, Int32 timeout, Boolean& usedCache, Boolean asyncWrite, Boolean inRetry)
   at Microsoft.Data.SqlClient.SqlCommand.ExecuteNonQuery()
   at Arms.Service.clsDAL.ExecuteNonQuery(CommandType CommandType, String CommandText, SqlParameter[] CommandParameters)
ClientConnectionId:406cdc11-d878-4321-be1c-0e36f9dc7d1d
Error Number:2627,State:1,Class:14
14 Jun 2023 13:25:00,071 | [ARMS Scheduler_Worker-24] | ERROR | LAIBLRLT6156:0C:9A:3C:40:97:73:ExecuteNonQuery:ExecuteNonQuery:Violation of UNIQUE KEY constraint 'UK_MTD_APPLICATIONRESOURCEUSAGE_USAGEASOF'. Cannot insert duplicate key in object 'mtd.APPLICATIONRESOURCEUSAGE'. The duplicate key value is (2023-06-14 07:55:00.3032381).The statement has been terminated.
Microsoft.Data.SqlClient.SqlException (0x80131904): Violation of UNIQUE KEY constraint 'UK_MTD_APPLICATIONRESOURCEUSAGE_USAGEASOF'. Cannot insert duplicate key in object 'mtd.APPLICATIONRESOURCEUSAGE'. The duplicate key value is (2023-06-14 07:55:00.3032381).
The statement has been terminated.
   at Microsoft.Data.SqlClient.SqlConnection.OnError(SqlException exception, Boolean breakConnection, Action`1 wrapCloseInAction)
   at Microsoft.Data.SqlClient.TdsParser.ThrowExceptionAndWarning(TdsParserStateObject stateObj, Boolean callerHasConnectionLock, Boolean asyncClose)
   at Microsoft.Data.SqlClient.TdsParser.TryRun(RunBehavior runBehavior, SqlCommand cmdHandler, SqlDataReader dataStream, BulkCopySimpleResultSet bulkCopyHandler, TdsParserStateObject stateObj, Boolean& dataReady)
   at Microsoft.Data.SqlClient.SqlCommand.RunExecuteNonQueryTds(String methodName, Boolean async, Int32 timeout, Boolean asyncWrite)
   at Microsoft.Data.SqlClient.SqlCommand.InternalExecuteNonQuery(TaskCompletionSource`1 completion, String methodName, Boolean sendToPipe, Int32 timeout, Boolean& usedCache, Boolean asyncWrite, Boolean inRetry)
   at Microsoft.Data.SqlClient.SqlCommand.ExecuteNonQuery()
   at Arms.Service.clsDAL.ExecuteNonQuery(CommandType CommandType, String CommandText, SqlParameter[] CommandParameters)
ClientConnectionId:406cdc11-d878-4321-be1c-0e36f9dc7d1d
Error Number:2627,State:1,Class:14
14 Jun 2023 14:15:00,094 | [ARMS Scheduler_Worker-22] | ERROR | LAIBLRLT6156:0C:9A:3C:40:97:73:ExecuteNonQuery:ExecuteNonQuery:Violation of UNIQUE KEY constraint 'UK_MTD_APPLICATIONRESOURCEUSAGE_USAGEASOF'. Cannot insert duplicate key in object 'mtd.APPLICATIONRESOURCEUSAGE'. The duplicate key value is (2023-06-14 08:45:00.3930013).The statement has been terminated.
Microsoft.Data.SqlClient.SqlException (0x80131904): Violation of UNIQUE KEY constraint 'UK_MTD_APPLICATIONRESOURCEUSAGE_USAGEASOF'. Cannot insert duplicate key in object 'mtd.APPLICATIONRESOURCEUSAGE'. The duplicate key value is (2023-06-14 08:45:00.3930013).
The statement has been terminated.
   at Microsoft.Data.SqlClient.SqlConnection.OnError(SqlException exception, Boolean breakConnection, Action`1 wrapCloseInAction)
   at Microsoft.Data.SqlClient.TdsParser.ThrowExceptionAndWarning(TdsParserStateObject stateObj, Boolean callerHasConnectionLock, Boolean asyncClose)
   at Microsoft.Data.SqlClient.TdsParser.TryRun(RunBehavior runBehavior, SqlCommand cmdHandler, SqlDataReader dataStream, BulkCopySimpleResultSet bulkCopyHandler, TdsParserStateObject stateObj, Boolean& dataReady)
   at Microsoft.Data.SqlClient.SqlCommand.RunExecuteNonQueryTds(String methodName, Boolean async, Int32 timeout, Boolean asyncWrite)
   at Microsoft.Data.SqlClient.SqlCommand.InternalExecuteNonQuery(TaskCompletionSource`1 completion, String methodName, Boolean sendToPipe, Int32 timeout, Boolean& usedCache, Boolean asyncWrite, Boolean inRetry)
   at Microsoft.Data.SqlClient.SqlCommand.ExecuteNonQuery()
   at Arms.Service.clsDAL.ExecuteNonQuery(CommandType CommandType, String CommandText, SqlParameter[] CommandParameters)
ClientConnectionId:406cdc11-d878-4321-be1c-0e36f9dc7d1d
Error Number:2627,State:1,Class:14
14 Jun 2023 14:20:00,063 | [ARMS Scheduler_Worker-4] | ERROR | LAIBLRLT6156:0C:9A:3C:40:97:73:ExecuteNonQuery:ExecuteNonQuery:Violation of UNIQUE KEY constraint 'UK_MTD_APPLICATIONRESOURCEUSAGE_USAGEASOF'. Cannot insert duplicate key in object 'mtd.APPLICATIONRESOURCEUSAGE'. The duplicate key value is (2023-06-14 08:50:00.3709123).The statement has been terminated.
Microsoft.Data.SqlClient.SqlException (0x80131904): Violation of UNIQUE KEY constraint 'UK_MTD_APPLICATIONRESOURCEUSAGE_USAGEASOF'. Cannot insert duplicate key in object 'mtd.APPLICATIONRESOURCEUSAGE'. The duplicate key value is (2023-06-14 08:50:00.3709123).
The statement has been terminated.
   at Microsoft.Data.SqlClient.SqlConnection.OnError(SqlException exception, Boolean breakConnection, Action`1 wrapCloseInAction)
   at Microsoft.Data.SqlClient.TdsParser.ThrowExceptionAndWarning(TdsParserStateObject stateObj, Boolean callerHasConnectionLock, Boolean asyncClose)
   at Microsoft.Data.SqlClient.TdsParser.TryRun(RunBehavior runBehavior, SqlCommand cmdHandler, SqlDataReader dataStream, BulkCopySimpleResultSet bulkCopyHandler, TdsParserStateObject stateObj, Boolean& dataReady)
   at Microsoft.Data.SqlClient.SqlCommand.RunExecuteNonQueryTds(String methodName, Boolean async, Int32 timeout, Boolean asyncWrite)
   at Microsoft.Data.SqlClient.SqlCommand.InternalExecuteNonQuery(TaskCompletionSource`1 completion, String methodName, Boolean sendToPipe, Int32 timeout, Boolean& usedCache, Boolean asyncWrite, Boolean inRetry)
   at Microsoft.Data.SqlClient.SqlCommand.ExecuteNonQuery()
   at Arms.Service.clsDAL.ExecuteNonQuery(CommandType CommandType, String CommandText, SqlParameter[] CommandParameters)
ClientConnectionId:406cdc11-d878-4321-be1c-0e36f9dc7d1d
Error Number:2627,State:1,Class:14
14 Jun 2023 14:25:00,097 | [ARMS Scheduler_Worker-17] | ERROR | LAIBLRLT6156:0C:9A:3C:40:97:73:ExecuteNonQuery:ExecuteNonQuery:Violation of UNIQUE KEY constraint 'UK_MTD_APPLICATIONRESOURCEUSAGE_USAGEASOF'. Cannot insert duplicate key in object 'mtd.APPLICATIONRESOURCEUSAGE'. The duplicate key value is (2023-06-14 08:55:00.4075298).The statement has been terminated.
Microsoft.Data.SqlClient.SqlException (0x80131904): Violation of UNIQUE KEY constraint 'UK_MTD_APPLICATIONRESOURCEUSAGE_USAGEASOF'. Cannot insert duplicate key in object 'mtd.APPLICATIONRESOURCEUSAGE'. The duplicate key value is (2023-06-14 08:55:00.4075298).
The statement has been terminated.
   at Microsoft.Data.SqlClient.SqlConnection.OnError(SqlException exception, Boolean breakConnection, Action`1 wrapCloseInAction)
   at Microsoft.Data.SqlClient.TdsParser.ThrowExceptionAndWarning(TdsParserStateObject stateObj, Boolean callerHasConnectionLock, Boolean asyncClose)
   at Microsoft.Data.SqlClient.TdsParser.TryRun(RunBehavior runBehavior, SqlCommand cmdHandler, SqlDataReader dataStream, BulkCopySimpleResultSet bulkCopyHandler, TdsParserStateObject stateObj, Boolean& dataReady)
   at Microsoft.Data.SqlClient.SqlCommand.RunExecuteNonQueryTds(String methodName, Boolean async, Int32 timeout, Boolean asyncWrite)
   at Microsoft.Data.SqlClient.SqlCommand.InternalExecuteNonQuery(TaskCompletionSource`1 completion, String methodName, Boolean sendToPipe, Int32 timeout, Boolean& usedCache, Boolean asyncWrite, Boolean inRetry)
   at Microsoft.Data.SqlClient.SqlCommand.ExecuteNonQuery()
   at Arms.Service.clsDAL.ExecuteNonQuery(CommandType CommandType, String CommandText, SqlParameter[] CommandParameters)
ClientConnectionId:406cdc11-d878-4321-be1c-0e36f9dc7d1d
Error Number:2627,State:1,Class:14
14 Jun 2023 14:30:00,094 | [ARMS Scheduler_Worker-15] | ERROR | LAIBLRLT6156:0C:9A:3C:40:97:73:ExecuteNonQuery:ExecuteNonQuery:Violation of UNIQUE KEY constraint 'UK_MTD_APPLICATIONRESOURCEUSAGE_USAGEASOF'. Cannot insert duplicate key in object 'mtd.APPLICATIONRESOURCEUSAGE'. The duplicate key value is (2023-06-14 09:00:00.4099940).The statement has been terminated.
Microsoft.Data.SqlClient.SqlException (0x80131904): Violation of UNIQUE KEY constraint 'UK_MTD_APPLICATIONRESOURCEUSAGE_USAGEASOF'. Cannot insert duplicate key in object 'mtd.APPLICATIONRESOURCEUSAGE'. The duplicate key value is (2023-06-14 09:00:00.4099940).
The statement has been terminated.
   at Microsoft.Data.SqlClient.SqlConnection.OnError(SqlException exception, Boolean breakConnection, Action`1 wrapCloseInAction)
   at Microsoft.Data.SqlClient.TdsParser.ThrowExceptionAndWarning(TdsParserStateObject stateObj, Boolean callerHasConnectionLock, Boolean asyncClose)
   at Microsoft.Data.SqlClient.TdsParser.TryRun(RunBehavior runBehavior, SqlCommand cmdHandler, SqlDataReader dataStream, BulkCopySimpleResultSet bulkCopyHandler, TdsParserStateObject stateObj, Boolean& dataReady)
   at Microsoft.Data.SqlClient.SqlCommand.RunExecuteNonQueryTds(String methodName, Boolean async, Int32 timeout, Boolean asyncWrite)
   at Microsoft.Data.SqlClient.SqlCommand.InternalExecuteNonQuery(TaskCompletionSource`1 completion, String methodName, Boolean sendToPipe, Int32 timeout, Boolean& usedCache, Boolean asyncWrite, Boolean inRetry)
   at Microsoft.Data.SqlClient.SqlCommand.ExecuteNonQuery()
   at Arms.Service.clsDAL.ExecuteNonQuery(CommandType CommandType, String CommandText, SqlParameter[] CommandParameters)
ClientConnectionId:406cdc11-d878-4321-be1c-0e36f9dc7d1d
Error Number:2627,State:1,Class:14
 
 
14 Jun 2023 14:31:40,710 | [61] | ERROR | LAIBLRLT6156:0C:9A:3C:40:97:73:Configuration:DisconnectTimeout cannot be configured after the KeepAlive.
System.InvalidOperationException: DisconnectTimeout cannot be configured after the KeepAlive.
   at Microsoft.AspNet.SignalR.Configuration.DefaultConfigurationManager.set_DisconnectTimeout(TimeSpan value)
   at Arms.Service.Startup.Configuration(IAppBuilder app)
 
14 Jun 2023 14:31:41,556 | [57] | ERROR | LAIBLRLT6156:0C:9A:3C:40:97:73:HostService:HostService:The ChannelDispatcher at 'http://172.18.11.30:9095/arms/IDBO' with contract(s) '"IDBO"' is unable to open its IChannelListener.:http://172.18.11.30:9095/arms/IDBO
System.InvalidOperationException: The ChannelDispatcher at 'http://172.18.11.30:9095/arms/IDBO' with contract(s) '"IDBO"' is unable to open its IChannelListener. ---> System.InvalidOperationException: A registration already exists for URI 'http://172.18.11.30:9095/arms/IDBO'.
   at System.ServiceModel.Channels.UriPrefixTable`1.RegisterUri(Uri uri, HostNameComparisonMode hostNameComparisonMode, TItem item)
   at System.ServiceModel.Channels.HttpTransportManager.Register(TransportChannelListener channelListener)
   at System.ServiceModel.Channels.TransportManager.Open(TransportChannelListener channelListener)
   at System.ServiceModel.Channels.TransportManagerContainer.Open(SelectTransportManagersCallback selectTransportManagerCallback)
   at System.ServiceModel.Channels.TransportChannelListener.OnOpen(TimeSpan timeout)
   at System.ServiceModel.Channels.HttpChannelListener`1.OnOpen(TimeSpan timeout)
   at System.ServiceModel.Channels.CommunicationObject.Open(TimeSpan timeout)
   at System.ServiceModel.Dispatcher.ChannelDispatcher.OnOpen(TimeSpan timeout)
   --- End of inner exception stack trace ---
   at System.ServiceModel.Dispatcher.ChannelDispatcher.OnOpen(TimeSpan timeout)
   at System.ServiceModel.Channels.CommunicationObject.Open(TimeSpan timeout)
   at System.ServiceModel.ServiceHostBase.OnOpen(TimeSpan timeout)
   at System.ServiceModel.Channels.CommunicationObject.Open(TimeSpan timeout)
   at Arms.GlobalLibrary.ServiceHosting.HostService()
14 Jun 2023 14:31:41,578 | [57] | ERROR | LAIBLRLT6156:0C:9A:3C:40:97:73:HostService:HostService:The ChannelDispatcher at 'http://172.18.11.30:9095/arms/IFIO' with contract(s) '"IFIO"' is unable to open its IChannelListener.:http://172.18.11.30:9095/arms/IFIO
System.InvalidOperationException: The ChannelDispatcher at 'http://172.18.11.30:9095/arms/IFIO' with contract(s) '"IFIO"' is unable to open its IChannelListener. ---> System.InvalidOperationException: A registration already exists for URI 'http://172.18.11.30:9095/arms/IFIO'.
   at System.ServiceModel.Channels.UriPrefixTable`1.RegisterUri(Uri uri, HostNameComparisonMode hostNameComparisonMode, TItem item)
   at System.ServiceModel.Channels.HttpTransportManager.Register(TransportChannelListener channelListener)
   at System.ServiceModel.Channels.TransportManager.Open(TransportChannelListener channelListener)
   at System.ServiceModel.Channels.TransportManagerContainer.Open(SelectTransportManagersCallback selectTransportManagerCallback)
   at System.ServiceModel.Channels.TransportChannelListener.OnOpen(TimeSpan timeout)
   at System.ServiceModel.Channels.HttpChannelListener`1.OnOpen(TimeSpan timeout)
   at System.ServiceModel.Channels.CommunicationObject.Open(TimeSpan timeout)
   at System.ServiceModel.Dispatcher.ChannelDispatcher.OnOpen(TimeSpan timeout)
   --- End of inner exception stack trace ---
   at System.ServiceModel.Dispatcher.ChannelDispatcher.OnOpen(TimeSpan timeout)
   at System.ServiceModel.Channels.CommunicationObject.Open(TimeSpan timeout)
   at System.ServiceModel.ServiceHostBase.OnOpen(TimeSpan timeout)
   at System.ServiceModel.Channels.CommunicationObject.Open(TimeSpan timeout)
   at Arms.GlobalLibrary.ServiceHosting.HostService()
14 Jun 2023 14:31:41,582 | [57] | ERROR | LAIBLRLT6156:0C:9A:3C:40:97:73:HostService:HostService:The ChannelDispatcher at 'http://172.18.11.30:9095/arms/IDSO' with contract(s) '"IDSO"' is unable to open its IChannelListener.:http://172.18.11.30:9095/arms/IDSO
System.InvalidOperationException: The ChannelDispatcher at 'http://172.18.11.30:9095/arms/IDSO' with contract(s) '"IDSO"' is unable to open its IChannelListener. ---> System.InvalidOperationException: A registration already exists for URI 'http://172.18.11.30:9095/arms/IDSO'.
   at System.ServiceModel.Channels.UriPrefixTable`1.RegisterUri(Uri uri, HostNameComparisonMode hostNameComparisonMode, TItem item)
   at System.ServiceModel.Channels.HttpTransportManager.Register(TransportChannelListener channelListener)
   at System.ServiceModel.Channels.TransportManager.Open(TransportChannelListener channelListener)
   at System.ServiceModel.Channels.TransportManagerContainer.Open(SelectTransportManagersCallback selectTransportManagerCallback)
   at System.ServiceModel.Channels.TransportChannelListener.OnOpen(TimeSpan timeout)
   at System.ServiceModel.Channels.HttpChannelListener`1.OnOpen(TimeSpan timeout)
   at System.ServiceModel.Channels.CommunicationObject.Open(TimeSpan timeout)
   at System.ServiceModel.Dispatcher.ChannelDispatcher.OnOpen(TimeSpan timeout)
   --- End of inner exception stack trace ---
   at System.ServiceModel.Dispatcher.ChannelDispatcher.OnOpen(TimeSpan timeout)
   at System.ServiceModel.Channels.CommunicationObject.Open(TimeSpan timeout)
   at System.ServiceModel.ServiceHostBase.OnOpen(TimeSpan timeout)
   at System.ServiceModel.Channels.CommunicationObject.Open(TimeSpan timeout)
   at Arms.GlobalLibrary.ServiceHosting.HostService()
14 Jun 2023 14:31:41,588 | [57] | ERROR | LAIBLRLT6156:0C:9A:3C:40:97:73:HostService:HostService:The ChannelDispatcher at 'http://172.18.11.30:9095/arms/IUSO' with contract(s) '"IUSO"' is unable to open its IChannelListener.:http://172.18.11.30:9095/arms/IUSO
System.InvalidOperationException: The ChannelDispatcher at 'http://172.18.11.30:9095/arms/IUSO' with contract(s) '"IUSO"' is unable to open its IChannelListener. ---> System.InvalidOperationException: A registration already exists for URI 'http://172.18.11.30:9095/arms/IUSO'.
   at System.ServiceModel.Channels.UriPrefixTable`1.RegisterUri(Uri uri, HostNameComparisonMode hostNameComparisonMode, TItem item)
   at System.ServiceModel.Channels.HttpTransportManager.Register(TransportChannelListener channelListener)
   at System.ServiceModel.Channels.TransportManager.Open(TransportChannelListener channelListener)
   at System.ServiceModel.Channels.TransportManagerContainer.Open(SelectTransportManagersCallback selectTransportManagerCallback)
   at System.ServiceModel.Channels.TransportChannelListener.OnOpen(TimeSpan timeout)
   at System.ServiceModel.Channels.HttpChannelListener`1.OnOpen(TimeSpan timeout)
   at System.ServiceModel.Channels.CommunicationObject.Open(TimeSpan timeout)
   at System.ServiceModel.Dispatcher.ChannelDispatcher.OnOpen(TimeSpan timeout)
   --- End of inner exception stack trace ---
   at System.ServiceModel.Dispatcher.ChannelDispatcher.OnOpen(TimeSpan timeout)
   at System.ServiceModel.Channels.CommunicationObject.Open(TimeSpan timeout)
   at System.ServiceModel.ServiceHostBase.OnOpen(TimeSpan timeout)
   at System.ServiceModel.Channels.CommunicationObject.Open(TimeSpan timeout)
   at Arms.GlobalLibrary.ServiceHosting.HostService()
14 Jun 2023 14:31:41,606 | [57] | ERROR | LAIBLRLT6156:0C:9A:3C:40:97:73:HostService:HostService:The ChannelDispatcher at 'http://172.18.11.30:9095/arms/ISVO' with contract(s) '"ISVO"' is unable to open its IChannelListener.:http://172.18.11.30:9095/arms/ISVO
System.InvalidOperationException: The ChannelDispatcher at 'http://172.18.11.30:9095/arms/ISVO' with contract(s) '"ISVO"' is unable to open its IChannelListener. ---> System.InvalidOperationException: A registration already exists for URI 'http://172.18.11.30:9095/arms/ISVO'.
   at System.ServiceModel.Channels.UriPrefixTable`1.RegisterUri(Uri uri, HostNameComparisonMode hostNameComparisonMode, TItem item)
   at System.ServiceModel.Channels.HttpTransportManager.Register(TransportChannelListener channelListener)
   at System.ServiceModel.Channels.TransportManager.Open(TransportChannelListener channelListener)
   at System.ServiceModel.Channels.TransportManagerContainer.Open(SelectTransportManagersCallback selectTransportManagerCallback)
   at System.ServiceModel.Channels.TransportChannelListener.OnOpen(TimeSpan timeout)
   at System.ServiceModel.Channels.HttpChannelListener`1.OnOpen(TimeSpan timeout)
   at System.ServiceModel.Channels.CommunicationObject.Open(TimeSpan timeout)
   at System.ServiceModel.Dispatcher.ChannelDispatcher.OnOpen(TimeSpan timeout)
   --- End of inner exception stack trace ---
   at System.ServiceModel.Dispatcher.ChannelDispatcher.OnOpen(TimeSpan timeout)
   at System.ServiceModel.Channels.CommunicationObject.Open(TimeSpan timeout)
   at System.ServiceModel.ServiceHostBase.OnOpen(TimeSpan timeout)
   at System.ServiceModel.Channels.CommunicationObject.Open(TimeSpan timeout)
   at Arms.GlobalLibrary.ServiceHosting.HostService()
14 Jun 2023 14:31:41,611 | [57] | ERROR | LAIBLRLT6156:0C:9A:3C:40:97:73:HostService:HostService:The ChannelDispatcher at 'http://172.18.11.30:9095/arms/IMDO' with contract(s) '"IMDO"' is unable to open its IChannelListener.:http://172.18.11.30:9095/arms/IMDO
System.InvalidOperationException: The ChannelDispatcher at 'http://172.18.11.30:9095/arms/IMDO' with contract(s) '"IMDO"' is unable to open its IChannelListener. ---> System.InvalidOperationException: A registration already exists for URI 'http://172.18.11.30:9095/arms/IMDO'.
   at System.ServiceModel.Channels.UriPrefixTable`1.RegisterUri(Uri uri, HostNameComparisonMode hostNameComparisonMode, TItem item)
   at System.ServiceModel.Channels.HttpTransportManager.Register(TransportChannelListener channelListener)
   at System.ServiceModel.Channels.TransportManager.Open(TransportChannelListener channelListener)
   at System.ServiceModel.Channels.TransportManagerContainer.Open(SelectTransportManagersCallback selectTransportManagerCallback)
   at System.ServiceModel.Channels.TransportChannelListener.OnOpen(TimeSpan timeout)
   at System.ServiceModel.Channels.HttpChannelListener`1.OnOpen(TimeSpan timeout)
   at System.ServiceModel.Channels.CommunicationObject.Open(TimeSpan timeout)
   at System.ServiceModel.Dispatcher.ChannelDispatcher.OnOpen(TimeSpan timeout)
   --- End of inner exception stack trace ---
   at System.ServiceModel.Dispatcher.ChannelDispatcher.OnOpen(TimeSpan timeout)
   at System.ServiceModel.Channels.CommunicationObject.Open(TimeSpan timeout)
   at System.ServiceModel.ServiceHostBase.OnOpen(TimeSpan timeout)
   at System.ServiceModel.Channels.CommunicationObject.Open(TimeSpan timeout)
   at Arms.GlobalLibrary.ServiceHosting.HostService()
14 Jun 2023 14:31:41,615 | [57] | ERROR | LAIBLRLT6156:0C:9A:3C:40:97:73:HostService:HostService:The ChannelDispatcher at 'http://172.18.11.30:9095/arms/IEMO' with contract(s) '"IEMO"' is unable to open its IChannelListener.:http://172.18.11.30:9095/arms/IEMO
System.InvalidOperationException: The ChannelDispatcher at 'http://172.18.11.30:9095/arms/IEMO' with contract(s) '"IEMO"' is unable to open its IChannelListener. ---> System.InvalidOperationException: A registration already exists for URI 'http://172.18.11.30:9095/arms/IEMO'.
   at System.ServiceModel.Channels.UriPrefixTable`1.RegisterUri(Uri uri, HostNameComparisonMode hostNameComparisonMode, TItem item)
   at System.ServiceModel.Channels.HttpTransportManager.Register(TransportChannelListener channelListener)
   at System.ServiceModel.Channels.TransportManager.Open(TransportChannelListener channelListener)
   at System.ServiceModel.Channels.TransportManagerContainer.Open(SelectTransportManagersCallback selectTransportManagerCallback)
   at System.ServiceModel.Channels.TransportChannelListener.OnOpen(TimeSpan timeout)
   at System.ServiceModel.Channels.HttpChannelListener`1.OnOpen(TimeSpan timeout)
   at System.ServiceModel.Channels.CommunicationObject.Open(TimeSpan timeout)
   at System.ServiceModel.Dispatcher.ChannelDispatcher.OnOpen(TimeSpan timeout)
   --- End of inner exception stack trace ---
   at System.ServiceModel.Dispatcher.ChannelDispatcher.OnOpen(TimeSpan timeout)
   at System.ServiceModel.Channels.CommunicationObject.Open(TimeSpan timeout)
   at System.ServiceModel.ServiceHostBase.OnOpen(TimeSpan timeout)
   at System.ServiceModel.Channels.CommunicationObject.Open(TimeSpan timeout)
   at Arms.GlobalLibrary.ServiceHosting.HostService()
14 Jun 2023 14:31:41,622 | [57] | ERROR | LAIBLRLT6156:0C:9A:3C:40:97:73:HostService:HostService:The ChannelDispatcher at 'http://172.18.11.30:9095/arms/ISMO' with contract(s) '"ISMO"' is unable to open its IChannelListener.:http://172.18.11.30:9095/arms/ISMO
System.InvalidOperationException: The ChannelDispatcher at 'http://172.18.11.30:9095/arms/ISMO' with contract(s) '"ISMO"' is unable to open its IChannelListener. ---> System.InvalidOperationException: A registration already exists for URI 'http://172.18.11.30:9095/arms/ISMO'.
   at System.ServiceModel.Channels.UriPrefixTable`1.RegisterUri(Uri uri, HostNameComparisonMode hostNameComparisonMode, TItem item)
   at System.ServiceModel.Channels.HttpTransportManager.Register(TransportChannelListener channelListener)
   at System.ServiceModel.Channels.TransportManager.Open(TransportChannelListener channelListener)
   at System.ServiceModel.Channels.TransportManagerContainer.Open(SelectTransportManagersCallback selectTransportManagerCallback)
   at System.ServiceModel.Channels.TransportChannelListener.OnOpen(TimeSpan timeout)
   at System.ServiceModel.Channels.HttpChannelListener`1.OnOpen(TimeSpan timeout)
   at System.ServiceModel.Channels.CommunicationObject.Open(TimeSpan timeout)
   at System.ServiceModel.Dispatcher.ChannelDispatcher.OnOpen(TimeSpan timeout)
   --- End of inner exception stack trace ---
   at System.ServiceModel.Dispatcher.ChannelDispatcher.OnOpen(TimeSpan timeout)
   at System.ServiceModel.Channels.CommunicationObject.Open(TimeSpan timeout)
   at System.ServiceModel.ServiceHostBase.OnOpen(TimeSpan timeout)
   at System.ServiceModel.Channels.CommunicationObject.Open(TimeSpan timeout)
   at Arms.GlobalLibrary.ServiceHosting.HostService()
14 Jun 2023 14:31:41,625 | [57] | ERROR | LAIBLRLT6156:0C:9A:3C:40:97:73:HostService:HostService:The ChannelDispatcher at 'http://172.18.11.30:9095/arms/ILMO' with contract(s) '"ILMO"' is unable to open its IChannelListener.:http://172.18.11.30:9095/arms/ILMO
System.InvalidOperationException: The ChannelDispatcher at 'http://172.18.11.30:9095/arms/ILMO' with contract(s) '"ILMO"' is unable to open its IChannelListener. ---> System.InvalidOperationException: A registration already exists for URI 'http://172.18.11.30:9095/arms/ILMO'.
   at System.ServiceModel.Channels.UriPrefixTable`1.RegisterUri(Uri uri, HostNameComparisonMode hostNameComparisonMode, TItem item)
   at System.ServiceModel.Channels.HttpTransportManager.Register(TransportChannelListener channelListener)
   at System.ServiceModel.Channels.TransportManager.Open(TransportChannelListener channelListener)
   at System.ServiceModel.Channels.TransportManagerContainer.Open(SelectTransportManagersCallback selectTransportManagerCallback)
   at System.ServiceModel.Channels.TransportChannelListener.OnOpen(TimeSpan timeout)
   at System.ServiceModel.Channels.HttpChannelListener`1.OnOpen(TimeSpan timeout)
   at System.ServiceModel.Channels.CommunicationObject.Open(TimeSpan timeout)
   at System.ServiceModel.Dispatcher.ChannelDispatcher.OnOpen(TimeSpan timeout)
   --- End of inner exception stack trace ---
   at System.ServiceModel.Dispatcher.ChannelDispatcher.OnOpen(TimeSpan timeout)
   at System.ServiceModel.Channels.CommunicationObject.Open(TimeSpan timeout)
   at System.ServiceModel.ServiceHostBase.OnOpen(TimeSpan timeout)
   at System.ServiceModel.Channels.CommunicationObject.Open(TimeSpan timeout)
   at Arms.GlobalLibrary.ServiceHosting.HostService()
14 Jun 2023 14:31:41,631 | [57] | ERROR | LAIBLRLT6156:0C:9A:3C:40:97:73:HostService:HostService:The ChannelDispatcher at 'http://172.18.11.30:9095/arms/IVER' with contract(s) '"IVER"' is unable to open its IChannelListener.:http://172.18.11.30:9095/arms/IVER
System.InvalidOperationException: The ChannelDispatcher at 'http://172.18.11.30:9095/arms/IVER' with contract(s) '"IVER"' is unable to open its IChannelListener. ---> System.InvalidOperationException: A registration already exists for URI 'http://172.18.11.30:9095/arms/IVER'.
   at System.ServiceModel.Channels.UriPrefixTable`1.RegisterUri(Uri uri, HostNameComparisonMode hostNameComparisonMode, TItem item)
   at System.ServiceModel.Channels.HttpTransportManager.Register(TransportChannelListener channelListener)
   at System.ServiceModel.Channels.TransportManager.Open(TransportChannelListener channelListener)
   at System.ServiceModel.Channels.TransportManagerContainer.Open(SelectTransportManagersCallback selectTransportManagerCallback)
   at System.ServiceModel.Channels.TransportChannelListener.OnOpen(TimeSpan timeout)
   at System.ServiceModel.Channels.HttpChannelListener`1.OnOpen(TimeSpan timeout)
   at System.ServiceModel.Channels.CommunicationObject.Open(TimeSpan timeout)
   at System.ServiceModel.Dispatcher.ChannelDispatcher.OnOpen(TimeSpan timeout)
   --- End of inner exception stack trace ---
   at System.ServiceModel.Dispatcher.ChannelDispatcher.OnOpen(TimeSpan timeout)
   at System.ServiceModel.Channels.CommunicationObject.Open(TimeSpan timeout)
   at System.ServiceModel.ServiceHostBase.OnOpen(TimeSpan timeout)
   at System.ServiceModel.Channels.CommunicationObject.Open(TimeSpan timeout)
   at Arms.GlobalLibrary.ServiceHosting.HostService()
14 Jun 2023 14:31:41,637 | [57] | ERROR | LAIBLRLT6156:0C:9A:3C:40:97:73:HostService:HostService:The ChannelDispatcher at 'http://172.18.11.30:9095/arms/ISYN' with contract(s) '"ISYN"' is unable to open its IChannelListener.:http://172.18.11.30:9095/arms/ISYN
System.InvalidOperationException: The ChannelDispatcher at 'http://172.18.11.30:9095/arms/ISYN' with contract(s) '"ISYN"' is unable to open its IChannelListener. ---> System.InvalidOperationException: A registration already exists for URI 'http://172.18.11.30:9095/arms/ISYN'.
   at System.ServiceModel.Channels.UriPrefixTable`1.RegisterUri(Uri uri, HostNameComparisonMode hostNameComparisonMode, TItem item)
   at System.ServiceModel.Channels.HttpTransportManager.Register(TransportChannelListener channelListener)
   at System.ServiceModel.Channels.TransportManager.Open(TransportChannelListener channelListener)
   at System.ServiceModel.Channels.TransportManagerContainer.Open(SelectTransportManagersCallback selectTransportManagerCallback)
   at System.ServiceModel.Channels.TransportChannelListener.OnOpen(TimeSpan timeout)
   at System.ServiceModel.Channels.HttpChannelListener`1.OnOpen(TimeSpan timeout)
   at System.ServiceModel.Channels.CommunicationObject.Open(TimeSpan timeout)
   at System.ServiceModel.Dispatcher.ChannelDispatcher.OnOpen(TimeSpan timeout)
   --- End of inner exception stack trace ---
   at System.ServiceModel.Dispatcher.ChannelDispatcher.OnOpen(TimeSpan timeout)
   at System.ServiceModel.Channels.CommunicationObject.Open(TimeSpan timeout)
   at System.ServiceModel.ServiceHostBase.OnOpen(TimeSpan timeout)
   at System.ServiceModel.Channels.CommunicationObject.Open(TimeSpan timeout)
   at Arms.GlobalLibrary.ServiceHosting.HostService()
14 Jun 2023 14:31:41,644 | [57] | ERROR | LAIBLRLT6156:0C:9A:3C:40:97:73:HostService:HostService:The ChannelDispatcher at 'http://172.18.11.30:9095/arms/ILBO' with contract(s) '"ILBO"' is unable to open its IChannelListener.:http://172.18.11.30:9095/arms/ILBO
System.InvalidOperationException: The ChannelDispatcher at 'http://172.18.11.30:9095/arms/ILBO' with contract(s) '"ILBO"' is unable to open its IChannelListener. ---> System.InvalidOperationException: A registration already exists for URI 'http://172.18.11.30:9095/arms/ILBO'.
   at System.ServiceModel.Channels.UriPrefixTable`1.RegisterUri(Uri uri, HostNameComparisonMode hostNameComparisonMode, TItem item)
   at System.ServiceModel.Channels.HttpTransportManager.Register(TransportChannelListener channelListener)
   at System.ServiceModel.Channels.TransportManager.Open(TransportChannelListener channelListener)
   at System.ServiceModel.Channels.TransportManagerContainer.Open(SelectTransportManagersCallback selectTransportManagerCallback)
   at System.ServiceModel.Channels.TransportChannelListener.OnOpen(TimeSpan timeout)
   at System.ServiceModel.Channels.HttpChannelListener`1.OnOpen(TimeSpan timeout)
   at System.ServiceModel.Channels.CommunicationObject.Open(TimeSpan timeout)
   at System.ServiceModel.Dispatcher.ChannelDispatcher.OnOpen(TimeSpan timeout)
   --- End of inner exception stack trace ---
   at System.ServiceModel.Dispatcher.ChannelDispatcher.OnOpen(TimeSpan timeout)
   at System.ServiceModel.Channels.CommunicationObject.Open(TimeSpan timeout)
   at System.ServiceModel.ServiceHostBase.OnOpen(TimeSpan timeout)
   at System.ServiceModel.Channels.CommunicationObject.Open(TimeSpan timeout)
   at Arms.GlobalLibrary.ServiceHosting.HostService()
14 Jun 2023 14:31:41,652 | [57] | ERROR | LAIBLRLT6156:0C:9A:3C:40:97:73:.ctor:Failed to listen on prefix 'http://*:8888/' because it conflicts with an existing registration on the machine.
System.Net.HttpListenerException (0x80004005): Failed to listen on prefix 'http://*:8888/' because it conflicts with an existing registration on the machine.
   at System.Net.HttpListener.AddAllPrefixes()
   at System.Net.HttpListener.Start()
   at Arms.Service.Web.WebServer..ctor(String rootPath)
14 Jun 2023 14:31:41,656 | [57] | ERROR | LAIBLRLT6156:0C:9A:3C:40:97:73:Configuration:DisconnectTimeout cannot be configured after the KeepAlive.
System.InvalidOperationException: DisconnectTimeout cannot be configured after the KeepAlive.
   at Microsoft.AspNet.SignalR.Configuration.DefaultConfigurationManager.set_DisconnectTimeout(TimeSpan value)
   at Arms.Service.Startup.Configuration(IAppBuilder app)
14 Jun 2023 14:31:42,482 | [1] | ERROR | LAIBLRLT6156:0C:9A:3C:40:97:73::Exception has been thrown by the target of an invocation.
System.Reflection.TargetInvocationException: Exception has been thrown by the target of an invocation. ---> System.Net.HttpListenerException: Failed to listen on prefix 'http://172.18.11.30:8080/' because it conflicts with an existing registration on the machine.
   at System.Net.HttpListener.AddAllPrefixes()
   at System.Net.HttpListener.Start()
   at Microsoft.Owin.Host.HttpListener.OwinHttpListener.Start(HttpListener listener, Func`2 appFunc, IList`1 addresses, IDictionary`2 capabilities, Func`2 loggerFactory)
   at Microsoft.Owin.Host.HttpListener.OwinServerFactory.Create(Func`2 app, IDictionary`2 properties)
   --- End of inner exception stack trace ---
   at System.RuntimeMethodHandle.InvokeMethod(Object target, Object[] arguments, Signature sig, Boolean constructor)
   at System.Reflection.RuntimeMethodInfo.UnsafeInvokeInternal(Object obj, Object[] parameters, Object[] arguments)
   at System.Reflection.RuntimeMethodInfo.Invoke(Object obj, BindingFlags invokeAttr, Binder binder, Object[] parameters, CultureInfo culture)
   at Microsoft.Owin.Hosting.ServerFactory.ServerFactoryAdapter.Create(IAppBuilder builder)
   at Microsoft.Owin.Hosting.Engine.HostingEngine.Start(StartContext context)
   at Microsoft.Owin.Hosting.Starter.HostingStarter.Start(StartOptions options)
   at Arms.Service.Class.clsBootstrap..()
   at System.Threading.Tasks.Task`1.InnerInvoke()
   at System.Threading.Tasks.Task.Execute()
--- End of stack trace from previous location where exception was thrown ---
   at System.Runtime.ExceptionServices.ExceptionDispatchInfo.Throw()
   at Arms.Service.Class.clsBootstrap..()
14 Jun 2023 14:31:42,600 | [52] | ERROR | LAIBLRLT6156:0C:9A:3C:40:97:73::Object reference not set to an instance of an object.
System.NullReferenceException: Object reference not set to an instance of an object.
   at Infragistics.Win.UltraWinTree.UltraTreeNode.CalcItemSizeInternal(Int32& height, Int32& width)
   at Infragistics.Win.UltraWinTree.UltraTreeNode.get_Size()
   at Infragistics.Win.UltraWinTree.UltraTreeNode.get_ItemHeightResolved()
   at Infragistics.Win.UltraWinTree.UltraTreeNode.get_ItemHeightResolvedWithSpacing()
   at Infragistics.Win.UltraWinTree.VisibleNodesManager.RecalulateScrollSize(Boolean isInReinitialize, Boolean isInRecalculateScrollSize)
   at Infragistics.Win.UltraWinTree.VisibleNodesManager.Reinitialize()
   at Infragistics.Win.UltraWinTree.UltraTree.EndUpdate(Boolean invalidate)
   at ..()
 
 
 
 
14 Jun 2023 14:40:00,068 | [ARMS Scheduler_Worker-11] | ERROR | LAIBLRLT6156:0C:9A:3C:40:97:73:ExecuteNonQuery:ExecuteNonQuery:Violation of UNIQUE KEY constraint 'UK_MTD_APPLICATIONRESOURCEUSAGE_USAGEASOF'. Cannot insert duplicate key in object 'mtd.APPLICATIONRESOURCEUSAGE'. The duplicate key value is (2023-06-14 09:10:00.0803394).The statement has been terminated.
Microsoft.Data.SqlClient.SqlException (0x80131904): Violation of UNIQUE KEY constraint 'UK_MTD_APPLICATIONRESOURCEUSAGE_USAGEASOF'. Cannot insert duplicate key in object 'mtd.APPLICATIONRESOURCEUSAGE'. The duplicate key value is (2023-06-14 09:10:00.0803394).
The statement has been terminated.
   at Microsoft.Data.SqlClient.SqlConnection.OnError(SqlException exception, Boolean breakConnection, Action`1 wrapCloseInAction)
   at Microsoft.Data.SqlClient.TdsParser.ThrowExceptionAndWarning(TdsParserStateObject stateObj, Boolean callerHasConnectionLock, Boolean asyncClose)
   at Microsoft.Data.SqlClient.TdsParser.TryRun(RunBehavior runBehavior, SqlCommand cmdHandler, SqlDataReader dataStream, BulkCopySimpleResultSet bulkCopyHandler, TdsParserStateObject stateObj, Boolean& dataReady)
   at Microsoft.Data.SqlClient.SqlCommand.RunExecuteNonQueryTds(String methodName, Boolean async, Int32 timeout, Boolean asyncWrite)
   at Microsoft.Data.SqlClient.SqlCommand.InternalExecuteNonQuery(TaskCompletionSource`1 completion, String methodName, Boolean sendToPipe, Int32 timeout, Boolean& usedCache, Boolean asyncWrite, Boolean inRetry)
   at Microsoft.Data.SqlClient.SqlCommand.ExecuteNonQuery()
   at Arms.Service.clsDAL.ExecuteNonQuery(CommandType CommandType, String CommandText, SqlParameter[] CommandParameters)
ClientConnectionId:bdf9a8f4-d498-4ff6-b0d1-9031f86b51fc
Error Number:2627,State:1,Class:14
14 Jun 2023 14:55:00,092 | [ARMS Scheduler_Worker-8] | ERROR | LAIBLRLT6156:0C:9A:3C:40:97:73:ExecuteNonQuery:ExecuteNonQuery:Violation of UNIQUE KEY constraint 'UK_MTD_APPLICATIONRESOURCEUSAGE_USAGEASOF'. Cannot insert duplicate key in object 'mtd.APPLICATIONRESOURCEUSAGE'. The duplicate key value is (2023-06-14 09:25:00.1422493).The statement has been terminated.
Microsoft.Data.SqlClient.SqlException (0x80131904): Violation of UNIQUE KEY constraint 'UK_MTD_APPLICATIONRESOURCEUSAGE_USAGEASOF'. Cannot insert duplicate key in object 'mtd.APPLICATIONRESOURCEUSAGE'. The duplicate key value is (2023-06-14 09:25:00.1422493).
The statement has been terminated.
   at Microsoft.Data.SqlClient.SqlConnection.OnError(SqlException exception, Boolean breakConnection, Action`1 wrapCloseInAction)
   at Microsoft.Data.SqlClient.TdsParser.ThrowExceptionAndWarning(TdsParserStateObject stateObj, Boolean callerHasConnectionLock, Boolean asyncClose)
   at Microsoft.Data.SqlClient.TdsParser.TryRun(RunBehavior runBehavior, SqlCommand cmdHandler, SqlDataReader dataStream, BulkCopySimpleResultSet bulkCopyHandler, TdsParserStateObject stateObj, Boolean& dataReady)
   at Microsoft.Data.SqlClient.SqlCommand.RunExecuteNonQueryTds(String methodName, Boolean async, Int32 timeout, Boolean asyncWrite)
   at Microsoft.Data.SqlClient.SqlCommand.InternalExecuteNonQuery(TaskCompletionSource`1 completion, String methodName, Boolean sendToPipe, Int32 timeout, Boolean& usedCache, Boolean asyncWrite, Boolean inRetry)
   at Microsoft.Data.SqlClient.SqlCommand.ExecuteNonQuery()
   at Arms.Service.clsDAL.ExecuteNonQuery(CommandType CommandType, String CommandText, SqlParameter[] CommandParameters)
ClientConnectionId:83cd5c57-43de-4e3b-876f-00a55180a97a
Error Number:2627,State:1,Class:14
 
