 
14 Jun 2023 11:22:49,235 | [22] | INFO  | ~3 | Application Path is verified.
14 Jun 2023 11:22:49,235 | [20] | INFO  | ~4 | Logger Engine Initialized.
14 Jun 2023 11:22:49,239 | [21] | INFO  | ~5 | Checked Network Availability.
14 Jun 2023 11:22:49,301 | [21] | INFO  | ~6 | Mapping Directories.
14 Jun 2023 11:22:50,998 | [25] | INFO  | ~7 | DB Backup Set To 0:30
14 Jun 2023 11:22:51,001 | [22] | INFO  | ~8 | Log Backup Set To 17:30
14 Jun 2023 11:22:51,016 | [25] | INFO  | ~9 | EOD Set To 0:1
14 Jun 2023 11:22:52,025 | [22] | INFO  | ~10 | Config Loaded Successfully
 
14 Jun 2023 11:23:29,464 | [24] | INFO  | ~3 | Application Path is verified.
14 Jun 2023 11:23:29,464 | [20] | INFO  | ~4 | Logger Engine Initialized.
14 Jun 2023 11:23:29,467 | [24] | INFO  | ~6 | Mapping Directories.
14 Jun 2023 11:23:29,467 | [22] | INFO  | ~5 | Checked Network Availability.
14 Jun 2023 11:23:30,139 | [21] | INFO  | ~7 | DB Backup Set To 0:30
14 Jun 2023 11:23:30,142 | [25] | INFO  | ~8 | Log Backup Set To 17:30
14 Jun 2023 11:23:30,144 | [23] | INFO  | ~9 | EOD Set To 0:1
14 Jun 2023 11:23:30,496 | [25] | INFO  | ~10 | Config Loaded Successfully
14 Jun 2023 11:24:48,957 | [4] | INFO  | ~1 | System Executable :D:\FPDS\NEW_ARMSSERVICE\ARMSSERVICE\ArmsWindowsService.exe
14 Jun 2023 11:24:51,209 | [5] | INFO  | ~2 | Initializing Log From Path :D:\FPDS\NEW_ARMSSERVICE\ARMSSERVICE
 
14 Jun 2023 11:24:51,511 | [5] | INFO  | ~3 | Logger Engine Initialized.
14 Jun 2023 11:24:51,511 | [6] | INFO  | ~4 | Application Path is verified.
14 Jun 2023 11:24:51,519 | [6] | INFO  | ~6 | Mapping Directories.
14 Jun 2023 11:24:51,516 | [5] | INFO  | ~5 | Checked Network Availability.
14 Jun 2023 11:24:52,286 | [10] | INFO  | ~7 | DB Backup Set To 0:30
14 Jun 2023 11:24:52,291 | [9] | INFO  | ~8 | Log Backup Set To 17:30
14 Jun 2023 11:24:52,300 | [9] | INFO  | ~9 | EOD Set To 0:1
14 Jun 2023 11:24:52,535 | [4] | INFO  | ~10 | Config Loaded Successfully
14 Jun 2023 11:24:54,714 | [4] | INFO  | ~11 | System Executable :D:\FPDS\NEW_ARMSSERVICE\ARMSSERVICE\ArmsWindowsService.exe
14 Jun 2023 11:24:54,745 | [9] | INFO  | ~12 | Initializing Log From Path :D:\FPDS\NEW_ARMSSERVICE\ARMSSERVICE
 
14 Jun 2023 11:24:54,981 | [10] | INFO  | ~14 | Logger Engine Initialized.
14 Jun 2023 11:24:54,981 | [5] | INFO  | ~13 | Application Path is verified.
14 Jun 2023 11:24:54,998 | [9] | INFO  | ~15 | Checked Network Availability.
14 Jun 2023 11:24:54,999 | [4] | INFO  | ~16 | Mapping Directories.
14 Jun 2023 11:24:55,530 | [10] | INFO  | ~17 | DB Backup Set To 0:30
14 Jun 2023 11:24:55,534 | [8] | INFO  | ~18 | Log Backup Set To 17:30
14 Jun 2023 11:24:55,538 | [4] | INFO  | ~19 | EOD Set To 0:1
14 Jun 2023 11:24:55,785 | [5] | INFO  | ~20 | Config Loaded Successfully
14 Jun 2023 11:24:57,741 | [10] | INFO  | ~21 | System Executable :D:\FPDS\NEW_ARMSSERVICE\ARMSSERVICE\ArmsWindowsService.exe
14 Jun 2023 11:24:57,786 | [9] | INFO  | ~22 | Initializing Log From Path :D:\FPDS\NEW_ARMSSERVICE\ARMSSERVICE
 
14 Jun 2023 11:24:58,013 | [8] | INFO  | ~23 | Application Path is verified.
14 Jun 2023 11:24:58,013 | [5] | INFO  | ~24 | Logger Engine Initialized.
14 Jun 2023 11:24:58,026 | [9] | INFO  | ~25 | Checked Network Availability.
14 Jun 2023 11:24:58,027 | [4] | INFO  | ~26 | Mapping Directories.
14 Jun 2023 11:24:58,523 | [5] | INFO  | ~27 | DB Backup Set To 0:30
14 Jun 2023 11:24:58,527 | [9] | INFO  | ~28 | Log Backup Set To 17:30
14 Jun 2023 11:24:58,530 | [9] | INFO  | ~29 | EOD Set To 0:1
14 Jun 2023 11:24:58,715 | [9] | INFO  | ~30 | Config Loaded Successfully
14 Jun 2023 11:24:58,726 | [8] | INFO  | ~31 | Setting File Import Cache
14 Jun 2023 11:25:00,935 | [10] | INFO  | ~32 | Lazy DS Processing Enabled
14 Jun 2023 11:25:04,425 | [14] | INFO  | ~33 | Lazy Audit Write Enabled
14 Jun 2023 11:25:04,863 | [9] | INFO  | ~34 | Lazy SignalR Notify Enabled
14 Jun 2023 11:25:04,864 | [8] | INFO  | ~35 | MSMQ Initialized.
14 Jun 2023 11:26:27,148 | [4] | INFO  | ~36 | Synced Date Time With DB Server
14 Jun 2023 11:26:28,715 | [8] | INFO  | ~37 | Database Engine Initialized.
14 Jun 2023 11:26:28,755 | [10] | INFO  | ~38 | POP3 Engine Initialized.
14 Jun 2023 11:26:28,763 | [14] | INFO  | ~39 | SMTP Engine Initialized.
14 Jun 2023 11:26:28,790 | [5] | INFO  | ~40 | CRON Engine Initialized.
14 Jun 2023 11:26:28,832 | [8] | INFO  | ~41 | Loading Metadata Users !!
14 Jun 2023 11:26:28,891 | [10] | INFO  | ~42 | TSC:1
14 Jun 2023 11:26:28,891 | [4] | INFO  | ~43 | Loading ORM !!
14 Jun 2023 11:26:29,286 | [13] | INFO  | ~44 | Loading Trusted Subscribers !!
14 Jun 2023 11:26:29,358 | [4] | INFO  | ~45 | Registered Peers IP:192.168.16.113:172.18.11.30
14 Jun 2023 11:26:29,359 | [10] | INFO  | ~48 | Registered 8 trusted users.
14 Jun 2023 11:26:29,359 | [13] | INFO  | ~47 | Registered NLB Token
14 Jun 2023 11:26:29,364 | [14] | INFO  | ~49 | Server Slave To 192.168.16.185:9095
14 Jun 2023 11:26:29,359 | [9] | INFO  | ~46 | Registered NLB Peers192.168.16.113,
14 Jun 2023 11:26:29,367 | [5] | INFO  | ~50 | Loading Trusted Devices !!
14 Jun 2023 11:26:29,414 | [14] | INFO  | ~51 | Cached 3 trusted devices.
14 Jun 2023 11:26:29,414 | [9] | INFO  | ~52 | Loading Application Metadata !!
14 Jun 2023 11:26:30,833 | [8] | INFO  | ~53 | Loading Application Data !!
14 Jun 2023 11:26:30,881 | [4] | INFO  | ~54 | Loading Application Databases : 1
14 Jun 2023 11:26:30,881 | [15] | INFO  | ~56 | Loading Application Rules !!
14 Jun 2023 11:26:30,881 | [14] | INFO  | ~55 | Loading Application Emails !!
14 Jun 2023 11:26:30,924 | [8] | INFO  | ~57 | Loaded Application Rules :1
14 Jun 2023 11:26:30,924 | [9] | INFO  | ~58 | Loading Application Preferences !!
14 Jun 2023 11:26:30,960 | [4] | INFO  | ~59 | Loading MFA Service Actions !!
14 Jun 2023 11:26:30,985 | [13] | INFO  | ~61 | Loading Status Messages :7
14 Jun 2023 11:26:30,985 | [14] | INFO  | ~60 | Cached Custom Message Dictionary :7
14 Jun 2023 11:26:30,985 | [5] | INFO  | ~62 | Loading Application Automated Imports !!
14 Jun 2023 11:26:31,084 | [15] | INFO  | ~63 | Granting Access Privileges To IMPEX Path
14 Jun 2023 11:26:31,098 | [10] | INFO  | ~64 | Cached 1 Bulk Import Sites.
14 Jun 2023 11:26:31,150 | [15] | INFO  | ~66 | Cached Download URL Dictionary :0
14 Jun 2023 11:26:31,150 | [14] | INFO  | ~65 | Loading Pre Defined Scheduled Download URLs :0
14 Jun 2023 11:26:31,150 | [5] | INFO  | ~67 | Cached Application Metadata !!
14 Jun 2023 11:26:31,188 | [8] | INFO  | ~68 | Dynamic Parsing Enabled :3
14 Jun 2023 11:26:31,188 | [13] | INFO  | ~69 | Cached Application Message Map Metadata !!
14 Jun 2023 11:26:32,132 | [14] | INFO  | ~70 | User Scavenger CRON Initialized 

14 Jun 2023 11:26:32,323 | [10] | INFO  | ~71 | LOG Backup CRON Initialized 

14 Jun 2023 11:26:32,368 | [13] | INFO  | ~72 | Loaded Application Emails:4
14 Jun 2023 11:26:32,373 | [13] | INFO  | ~75 | DB Backup CRON Initialized 

14 Jun 2023 11:26:32,376 | [8] | INFO  | ~77 | Memory Monitor CRON Initialized 

14 Jun 2023 11:26:32,370 | [14] | INFO  | ~74 | SMS Monitor CRON Initialized 

14 Jun 2023 11:26:32,383 | [10] | INFO  | ~78 | Network Monitor CRON Initialized 

14 Jun 2023 11:26:32,376 | [9] | INFO  | ~76 | Memory Monitor CRON Initialized 

14 Jun 2023 11:26:32,401 | [4] | INFO  | ~80 | Impex Transfers Initialized 

14 Jun 2023 11:26:32,370 | [5] | INFO  | ~73 | POP Emails CRON Initialized 

14 Jun 2023 11:26:32,407 | [13] | INFO  | ~81 | SignalR Lazy Notify Initialized.
14 Jun 2023 11:26:32,391 | [8] | INFO  | ~79 | EOD CRON Initialized 

14 Jun 2023 11:26:32,948 | [10] | INFO  | ~82 | Hosting http://172.18.11.30:9095/arms/IDBO
14 Jun 2023 11:26:33,532 | [5] | INFO  | ~83 | Hosted SData hosted at http://172.18.11.30:9095/arms/IDBO

14 Jun 2023 11:26:33,533 | [9] | INFO  | ~84 | Hosting http://172.18.11.30:9095/arms/IFIO
14 Jun 2023 11:26:33,552 | [8] | INFO  | ~85 | Hosted SFile hosted at http://172.18.11.30:9095/arms/IFIO

14 Jun 2023 11:26:33,553 | [4] | INFO  | ~86 | Hosting http://172.18.11.30:9095/arms/IDSO
14 Jun 2023 11:26:33,584 | [13] | INFO  | ~87 | Hosted SDataStream hosted at http://172.18.11.30:9095/arms/IDSO

14 Jun 2023 11:26:33,585 | [9] | INFO  | ~88 | Hosting http://172.18.11.30:9095/arms/IUSO
14 Jun 2023 11:26:33,629 | [10] | INFO  | ~89 | Hosted SUser hosted at http://172.18.11.30:9095/arms/IUSO

14 Jun 2023 11:26:33,630 | [4] | INFO  | ~90 | Hosting http://172.18.11.30:9095/arms/ISVO
14 Jun 2023 11:26:33,659 | [5] | INFO  | ~91 | Hosted SServer hosted at http://172.18.11.30:9095/arms/ISVO

14 Jun 2023 11:26:33,659 | [13] | INFO  | ~92 | Hosting http://172.18.11.30:9095/arms/IMDO
14 Jun 2023 11:26:33,677 | [8] | INFO  | ~93 | Hosted SDevice hosted at http://172.18.11.30:9095/arms/IMDO

14 Jun 2023 11:26:33,678 | [10] | INFO  | ~94 | Hosting http://172.18.11.30:9095/arms/IEMO
14 Jun 2023 11:26:33,685 | [14] | INFO  | ~95 | Hosted SEmail hosted at http://172.18.11.30:9095/arms/IEMO

14 Jun 2023 11:26:33,686 | [5] | INFO  | ~96 | Hosting http://172.18.11.30:9095/arms/ISMO
14 Jun 2023 11:26:33,694 | [15] | INFO  | ~97 | Hosted SSMS hosted at http://172.18.11.30:9095/arms/ISMO

14 Jun 2023 11:26:33,694 | [8] | INFO  | ~98 | Hosting http://172.18.11.30:9095/arms/ILMO
14 Jun 2023 11:26:33,720 | [9] | INFO  | ~99 | Hosted SLMO hosted at http://172.18.11.30:9095/arms/ILMO

14 Jun 2023 11:26:33,721 | [14] | INFO  | ~100 | Hosting http://172.18.11.30:9095/arms/IVER
14 Jun 2023 11:26:33,727 | [4] | INFO  | ~101 | Hosted SVER hosted at http://172.18.11.30:9095/arms/IVER

14 Jun 2023 11:26:33,728 | [15] | INFO  | ~102 | Hosting http://172.18.11.30:9095/arms/ISYN
14 Jun 2023 11:26:33,734 | [13] | INFO  | ~103 | Hosted SSYN hosted at http://172.18.11.30:9095/arms/ISYN

14 Jun 2023 11:26:33,735 | [9] | INFO  | ~104 | Hosting http://172.18.11.30:9095/arms/ILBO
14 Jun 2023 11:26:33,743 | [10] | INFO  | ~105 | Hosted SNLB hosted at http://172.18.11.30:9095/arms/ILBO

14 Jun 2023 11:26:33,761 | [4] | INFO  | ~106 | IPC Pipe 52ed6195-d7bd-4fff-bf1a-a8a3fd5d0d1f Started
14 Jun 2023 11:26:33,792 | [5] | INFO  | ~107 | Web Monitor Initialized At http://172.18.11.30:8888
14 Jun 2023 11:26:42,719 | [15] | INFO  | ~108 | SignalR Service Hosted at http://172.18.11.30:8080

 
14 Jun 2023 11:27:06,047 | [19] | INFO  | ~11 | System Executable :D:\FPDS\NEW_ARMSSERVICE\ARMSSERVICE\ArmsServiceMonitor.exe
14 Jun 2023 11:27:06,080 | [10] | INFO  | ~12 | Initializing Log From Path :D:\FPDS\NEW_ARMSSERVICE\ARMSSERVICE
 
14 Jun 2023 11:27:06,263 | [9] | INFO  | ~13 | Application Path is verified.
14 Jun 2023 11:27:06,263 | [15] | INFO  | ~14 | Logger Engine Initialized.
14 Jun 2023 11:27:06,276 | [17] | INFO  | ~15 | Checked Network Availability.
14 Jun 2023 11:27:06,276 | [18] | INFO  | ~16 | Mapping Directories.
14 Jun 2023 11:27:06,625 | [7] | INFO  | ~17 | DB Backup Set To 0:30
14 Jun 2023 11:27:06,626 | [7] | INFO  | ~18 | Log Backup Set To 17:30
14 Jun 2023 11:27:06,630 | [17] | INFO  | ~19 | EOD Set To 0:1
14 Jun 2023 11:27:06,769 | [7] | INFO  | ~20 | Config Loaded Successfully
14 Jun 2023 11:27:06,912 | [17] | INFO  | ~21 | System Executable :D:\FPDS\NEW_ARMSSERVICE\ARMSSERVICE\ArmsServiceMonitor.exe
14 Jun 2023 11:27:06,929 | [18] | INFO  | ~22 | Initializing Log From Path :D:\FPDS\NEW_ARMSSERVICE\ARMSSERVICE
 
14 Jun 2023 11:27:07,080 | [10] | INFO  | ~24 | Logger Engine Initialized.
14 Jun 2023 11:27:07,080 | [19] | INFO  | ~23 | Application Path is verified.
14 Jun 2023 11:27:07,089 | [7] | INFO  | ~25 | Checked Network Availability.
14 Jun 2023 11:27:07,090 | [18] | INFO  | ~26 | Mapping Directories.
14 Jun 2023 11:27:07,431 | [9] | INFO  | ~27 | DB Backup Set To 0:30
14 Jun 2023 11:27:07,434 | [19] | INFO  | ~28 | Log Backup Set To 17:30
14 Jun 2023 11:27:07,436 | [17] | INFO  | ~29 | EOD Set To 0:1
14 Jun 2023 11:27:07,563 | [19] | INFO  | ~30 | Config Loaded Successfully
14 Jun 2023 11:27:07,568 | [17] | INFO  | ~31 | Setting File Import Cache
14 Jun 2023 11:27:08,006 | [18] | INFO  | ~32 | Lazy DS Processing Enabled
14 Jun 2023 11:27:10,435 | [9] | INFO  | ~33 | Lazy Audit Write Enabled
14 Jun 2023 11:27:10,751 | [10] | INFO  | ~34 | Lazy SignalR Notify Enabled
14 Jun 2023 11:27:10,752 | [15] | INFO  | ~35 | MSMQ Initialized.
14 Jun 2023 11:27:11,550 | [17] | INFO  | ~36 | Synced Date Time With DB Server
14 Jun 2023 11:27:12,293 | [10] | INFO  | ~37 | Database Engine Initialized.
14 Jun 2023 11:27:12,326 | [9] | INFO  | ~38 | POP3 Engine Initialized.
14 Jun 2023 11:27:12,339 | [9] | INFO  | ~39 | SMTP Engine Initialized.
14 Jun 2023 11:27:12,357 | [18] | INFO  | ~40 | CRON Engine Initialized.
14 Jun 2023 11:27:12,381 | [15] | INFO  | ~41 | Loading Metadata Users !!
14 Jun 2023 11:27:12,417 | [7] | INFO  | ~42 | TSC:1
14 Jun 2023 11:27:12,419 | [19] | INFO  | ~43 | Loading ORM !!
14 Jun 2023 11:27:12,626 | [10] | INFO  | ~44 | Loading Trusted Subscribers !!
14 Jun 2023 11:27:12,657 | [9] | INFO  | ~45 | Registered Peers IP:192.168.16.113:172.18.11.30
14 Jun 2023 11:27:12,659 | [18] | INFO  | ~49 | Server Slave To 192.168.16.185:9095
14 Jun 2023 11:27:12,659 | [17] | INFO  | ~46 | Registered NLB Peers192.168.16.113,
14 Jun 2023 11:27:12,659 | [10] | INFO  | ~47 | Registered 8 trusted users.
14 Jun 2023 11:27:12,659 | [15] | INFO  | ~48 | Registered NLB Token
14 Jun 2023 11:27:12,659 | [19] | INFO  | ~50 | Loading Trusted Devices !!
14 Jun 2023 11:27:12,695 | [16] | INFO  | ~52 | Loading Application Metadata !!
14 Jun 2023 11:27:12,695 | [9] | INFO  | ~51 | Cached 3 trusted devices.
14 Jun 2023 11:27:12,987 | [15] | INFO  | ~53 | Loading Application Data !!
14 Jun 2023 11:27:13,015 | [19] | INFO  | ~54 | Loading Application Databases : 1
14 Jun 2023 11:27:13,015 | [9] | INFO  | ~56 | Loading Application Rules !!
14 Jun 2023 11:27:13,015 | [16] | INFO  | ~55 | Loading Application Emails !!
14 Jun 2023 11:27:13,041 | [18] | INFO  | ~57 | Loaded Application Rules :1
14 Jun 2023 11:27:13,041 | [15] | INFO  | ~58 | Loading Application Preferences !!
14 Jun 2023 11:27:13,078 | [17] | INFO  | ~59 | Loading MFA Service Actions !!
14 Jun 2023 11:27:13,098 | [7] | INFO  | ~60 | Cached Custom Message Dictionary :7
14 Jun 2023 11:27:13,098 | [10] | INFO  | ~61 | Loading Status Messages :7
14 Jun 2023 11:27:13,098 | [15] | INFO  | ~62 | Loading Application Automated Imports !!
14 Jun 2023 11:27:13,161 | [9] | INFO  | ~63 | Granting Access Privileges To IMPEX Path
14 Jun 2023 11:27:13,179 | [19] | INFO  | ~64 | Cached 1 Bulk Import Sites.
14 Jun 2023 11:27:13,211 | [18] | INFO  | ~65 | Cached Download URL Dictionary :0
14 Jun 2023 11:27:13,211 | [16] | INFO  | ~67 | Cached Application Metadata !!
14 Jun 2023 11:27:13,211 | [10] | INFO  | ~66 | Loading Pre Defined Scheduled Download URLs :0
14 Jun 2023 11:27:13,240 | [19] | INFO  | ~68 | Dynamic Parsing Enabled :3
14 Jun 2023 11:27:13,240 | [9] | INFO  | ~69 | Cached Application Message Map Metadata !!
14 Jun 2023 11:27:13,542 | [10] | INFO  | ~70 | User Scavenger CRON Initialized 

14 Jun 2023 11:27:13,636 | [18] | INFO  | ~71 | LOG Backup CRON Initialized 

14 Jun 2023 11:27:13,684 | [9] | INFO  | ~72 | Loaded Application Emails:4
14 Jun 2023 11:27:13,685 | [10] | INFO  | ~73 | POP Emails CRON Initialized 

14 Jun 2023 11:27:13,687 | [19] | INFO  | ~76 | Memory Monitor CRON Initialized 

14 Jun 2023 11:27:13,692 | [9] | INFO  | ~79 | EOD CRON Initialized 

14 Jun 2023 11:27:13,688 | [16] | INFO  | ~77 | Memory Monitor CRON Initialized 

14 Jun 2023 11:27:13,685 | [18] | INFO  | ~74 | SMS Monitor CRON Initialized 

14 Jun 2023 11:27:13,685 | [7] | INFO  | ~75 | DB Backup CRON Initialized 

14 Jun 2023 11:27:13,690 | [15] | INFO  | ~78 | Network Monitor CRON Initialized 

14 Jun 2023 11:27:13,722 | [10] | INFO  | ~80 | Impex Transfers Initialized 

14 Jun 2023 11:27:13,728 | [19] | INFO  | ~81 | SignalR Lazy Notify Initialized.
14 Jun 2023 11:27:13,852 | [7] | INFO  | ~82 | Hosting http://172.18.11.30:9095/arms/IDBO
14 Jun 2023 11:27:14,085 | [15] | INFO  | ~83 | Hosted SData hosted at http://172.18.11.30:9095/arms/IDBO

14 Jun 2023 11:27:14,085 | [10] | INFO  | ~84 | Hosting http://172.18.11.30:9095/arms/IFIO
14 Jun 2023 11:27:14,113 | [19] | INFO  | ~85 | Hosted SFile hosted at http://172.18.11.30:9095/arms/IFIO

14 Jun 2023 11:27:14,114 | [7] | INFO  | ~86 | Hosting http://172.18.11.30:9095/arms/IDSO
14 Jun 2023 11:27:14,121 | [9] | INFO  | ~87 | Hosted SDataStream hosted at http://172.18.11.30:9095/arms/IDSO

14 Jun 2023 11:27:14,122 | [10] | INFO  | ~88 | Hosting http://172.18.11.30:9095/arms/IUSO
14 Jun 2023 11:27:14,157 | [18] | INFO  | ~89 | Hosted SUser hosted at http://172.18.11.30:9095/arms/IUSO

14 Jun 2023 11:27:14,158 | [19] | INFO  | ~90 | Hosting http://172.18.11.30:9095/arms/ISVO
14 Jun 2023 11:27:14,185 | [15] | INFO  | ~91 | Hosted SServer hosted at http://172.18.11.30:9095/arms/ISVO

14 Jun 2023 11:27:14,186 | [16] | INFO  | ~92 | Hosting http://172.18.11.30:9095/arms/IMDO
14 Jun 2023 11:27:14,210 | [10] | INFO  | ~93 | Hosted SDevice hosted at http://172.18.11.30:9095/arms/IMDO

14 Jun 2023 11:27:14,211 | [7] | INFO  | ~94 | Hosting http://172.18.11.30:9095/arms/IEMO
14 Jun 2023 11:27:14,217 | [16] | INFO  | ~96 | Hosting http://172.18.11.30:9095/arms/ISMO
14 Jun 2023 11:27:14,216 | [9] | INFO  | ~95 | Hosted SEmail hosted at http://172.18.11.30:9095/arms/IEMO

14 Jun 2023 11:27:14,224 | [15] | INFO  | ~98 | Hosting http://172.18.11.30:9095/arms/ILMO
14 Jun 2023 11:27:14,224 | [19] | INFO  | ~97 | Hosted SSMS hosted at http://172.18.11.30:9095/arms/ISMO

14 Jun 2023 11:27:14,228 | [7] | INFO  | ~99 | Hosted SLMO hosted at http://172.18.11.30:9095/arms/ILMO

14 Jun 2023 11:27:14,236 | [9] | INFO  | ~101 | Hosted SVER hosted at http://172.18.11.30:9095/arms/IVER

14 Jun 2023 11:27:14,230 | [10] | INFO  | ~100 | Hosting http://172.18.11.30:9095/arms/IVER
14 Jun 2023 11:27:14,237 | [15] | INFO  | ~102 | Hosting http://172.18.11.30:9095/arms/ISYN
14 Jun 2023 11:27:14,260 | [18] | INFO  | ~103 | Hosted SSYN hosted at http://172.18.11.30:9095/arms/ISYN

14 Jun 2023 11:27:14,260 | [10] | INFO  | ~104 | Hosting http://172.18.11.30:9095/arms/ILBO
14 Jun 2023 11:27:14,269 | [18] | INFO  | ~105 | Hosted SNLB hosted at http://172.18.11.30:9095/arms/ILBO

14 Jun 2023 11:27:14,283 | [7] | INFO  | ~106 | IPC Pipe 993e97ef-5f66-4911-84b7-29c19c6837d6 Started
14 Jun 2023 11:27:14,311 | [15] | INFO  | ~107 | Web Monitor Initialized At http://172.18.11.30:8888
14 Jun 2023 11:27:17,286 | [18] | INFO  | ~108 | SignalR Service Hosted at http://172.18.11.30:8080

14 Jun 2023 11:29:53,345 | [4] | INFO  | ~1 | System Executable :D:\FPDS\NEW_ARMSSERVICE\ARMSSERVICE\ArmsWindowsService.exe
14 Jun 2023 11:29:55,359 | [6] | INFO  | ~2 | Initializing Log From Path :D:\FPDS\NEW_ARMSSERVICE\ARMSSERVICE
 
14 Jun 2023 11:29:55,559 | [5] | INFO  | ~3 | Application Path is verified.
14 Jun 2023 11:29:55,561 | [4] | INFO  | ~4 | Logger Engine Initialized.
14 Jun 2023 11:29:55,565 | [5] | INFO  | ~6 | Mapping Directories.
14 Jun 2023 11:29:55,564 | [6] | INFO  | ~5 | Checked Network Availability.
14 Jun 2023 11:29:56,059 | [8] | INFO  | ~7 | DB Backup Set To 0:30
14 Jun 2023 11:29:56,061 | [5] | INFO  | ~8 | Log Backup Set To 17:30
14 Jun 2023 11:29:56,064 | [4] | INFO  | ~9 | EOD Set To 0:1
14 Jun 2023 11:29:56,269 | [5] | INFO  | ~10 | Config Loaded Successfully
14 Jun 2023 11:29:56,543 | [5] | INFO  | ~11 | System Executable :D:\FPDS\NEW_ARMSSERVICE\ARMSSERVICE\ArmsWindowsService.exe
14 Jun 2023 11:29:56,569 | [5] | INFO  | ~12 | Initializing Log From Path :D:\FPDS\NEW_ARMSSERVICE\ARMSSERVICE
 
14 Jun 2023 11:29:56,736 | [12] | INFO  | ~14 | Logger Engine Initialized.
14 Jun 2023 11:29:56,736 | [8] | INFO  | ~13 | Application Path is verified.
14 Jun 2023 11:29:56,748 | [5] | INFO  | ~15 | Checked Network Availability.
14 Jun 2023 11:29:56,749 | [12] | INFO  | ~16 | Mapping Directories.
14 Jun 2023 11:29:57,079 | [4] | INFO  | ~17 | DB Backup Set To 0:30
14 Jun 2023 11:29:57,082 | [4] | INFO  | ~18 | Log Backup Set To 17:30
14 Jun 2023 11:29:57,085 | [12] | INFO  | ~19 | EOD Set To 0:1
14 Jun 2023 11:29:57,220 | [4] | INFO  | ~20 | Config Loaded Successfully
14 Jun 2023 11:29:57,375 | [12] | INFO  | ~21 | System Executable :D:\FPDS\NEW_ARMSSERVICE\ARMSSERVICE\ArmsWindowsService.exe
14 Jun 2023 11:29:57,398 | [12] | INFO  | ~22 | Initializing Log From Path :D:\FPDS\NEW_ARMSSERVICE\ARMSSERVICE
 
14 Jun 2023 11:29:57,538 | [5] | INFO  | ~23 | Logger Engine Initialized.
14 Jun 2023 11:29:57,538 | [4] | INFO  | ~24 | Application Path is verified.
14 Jun 2023 11:29:57,546 | [8] | INFO  | ~25 | Checked Network Availability.
14 Jun 2023 11:29:57,546 | [5] | INFO  | ~26 | Mapping Directories.
14 Jun 2023 11:29:57,887 | [12] | INFO  | ~27 | DB Backup Set To 0:30
14 Jun 2023 11:29:57,891 | [8] | INFO  | ~28 | Log Backup Set To 17:30
14 Jun 2023 11:29:57,894 | [4] | INFO  | ~29 | EOD Set To 0:1
14 Jun 2023 11:29:58,021 | [8] | INFO  | ~30 | Config Loaded Successfully
14 Jun 2023 11:29:58,026 | [4] | INFO  | ~31 | Setting File Import Cache
14 Jun 2023 11:29:58,645 | [5] | INFO  | ~32 | Lazy DS Processing Enabled
14 Jun 2023 11:30:00,912 | [4] | INFO  | ~33 | Lazy Audit Write Enabled
14 Jun 2023 11:30:01,152 | [15] | INFO  | ~34 | Lazy SignalR Notify Enabled
14 Jun 2023 11:30:01,153 | [14] | INFO  | ~35 | MSMQ Initialized.
14 Jun 2023 11:30:02,167 | [4] | INFO  | ~36 | Synced Date Time With DB Server
14 Jun 2023 11:30:03,718 | [5] | INFO  | ~37 | Database Engine Initialized.
14 Jun 2023 11:30:03,744 | [14] | INFO  | ~38 | POP3 Engine Initialized.
14 Jun 2023 11:30:03,751 | [12] | INFO  | ~39 | SMTP Engine Initialized.
14 Jun 2023 11:30:03,765 | [8] | INFO  | ~40 | CRON Engine Initialized.
14 Jun 2023 11:30:03,794 | [15] | INFO  | ~41 | Loading Metadata Users !!
14 Jun 2023 11:30:03,832 | [13] | INFO  | ~42 | TSC:1
14 Jun 2023 11:30:03,833 | [14] | INFO  | ~43 | Loading ORM !!
14 Jun 2023 11:30:04,092 | [8] | INFO  | ~44 | Loading Trusted Subscribers !!
14 Jun 2023 11:30:04,187 | [13] | INFO  | ~45 | Registered Peers IP:192.168.16.113:172.18.11.30
14 Jun 2023 11:30:04,188 | [14] | INFO  | ~47 | Registered NLB Token
14 Jun 2023 11:30:04,188 | [8] | INFO  | ~48 | Registered 8 trusted users.
14 Jun 2023 11:30:04,188 | [4] | INFO  | ~46 | Registered NLB Peers192.168.16.113,
14 Jun 2023 11:30:04,191 | [15] | INFO  | ~50 | Loading Trusted Devices !!
14 Jun 2023 11:30:04,191 | [12] | INFO  | ~49 | Server Slave To 192.168.16.185:9095
14 Jun 2023 11:30:04,226 | [13] | INFO  | ~52 | Loading Application Metadata !!
14 Jun 2023 11:30:04,226 | [14] | INFO  | ~51 | Cached 3 trusted devices.
 
14 Jun 2023 11:30:05,722 | [42] | INFO  | ~11 | System Executable :D:\FPDS\NEW_ARMSSERVICE\ARMSSERVICE\ArmsServiceMonitor.exe
14 Jun 2023 11:30:05,751 | [46] | INFO  | ~12 | Initializing Log From Path :D:\FPDS\NEW_ARMSSERVICE\ARMSSERVICE
 
14 Jun 2023 11:30:05,897 | [41] | INFO  | ~13 | Application Path is verified.
14 Jun 2023 11:30:05,897 | [42] | INFO  | ~14 | Logger Engine Initialized.
14 Jun 2023 11:30:05,908 | [45] | INFO  | ~15 | Checked Network Availability.
14 Jun 2023 11:30:05,908 | [39] | INFO  | ~16 | Mapping Directories.
14 Jun 2023 11:30:06,182 | [42] | INFO  | ~17 | DB Backup Set To 0:30
14 Jun 2023 11:30:06,184 | [47] | INFO  | ~18 | Log Backup Set To 17:30
14 Jun 2023 11:30:06,187 | [40] | INFO  | ~19 | EOD Set To 0:1
14 Jun 2023 11:30:06,289 | [47] | INFO  | ~20 | Config Loaded Successfully
14 Jun 2023 11:30:06,393 | [40] | INFO  | ~21 | System Executable :D:\FPDS\NEW_ARMSSERVICE\ARMSSERVICE\ArmsServiceMonitor.exe
14 Jun 2023 11:30:06,408 | [39] | INFO  | ~22 | Initializing Log From Path :D:\FPDS\NEW_ARMSSERVICE\ARMSSERVICE
 
14 Jun 2023 11:30:06,537 | [45] | INFO  | ~23 | Application Path is verified.
14 Jun 2023 11:30:06,537 | [40] | INFO  | ~24 | Logger Engine Initialized.
14 Jun 2023 11:30:06,546 | [46] | INFO  | ~25 | Checked Network Availability.
14 Jun 2023 11:30:06,546 | [39] | INFO  | ~26 | Mapping Directories.
14 Jun 2023 11:30:06,890 | [47] | INFO  | ~27 | DB Backup Set To 0:30
14 Jun 2023 11:30:06,893 | [47] | INFO  | ~28 | Log Backup Set To 17:30
14 Jun 2023 11:30:06,897 | [42] | INFO  | ~29 | EOD Set To 0:1
14 Jun 2023 11:30:07,028 | [47] | INFO  | ~30 | Config Loaded Successfully
14 Jun 2023 11:30:07,031 | [42] | INFO  | ~31 | Setting File Import Cache
14 Jun 2023 11:30:07,450 | [46] | INFO  | ~32 | Lazy DS Processing Enabled
14 Jun 2023 11:30:09,402 | [45] | INFO  | ~33 | Lazy Audit Write Enabled
14 Jun 2023 11:30:09,670 | [39] | INFO  | ~34 | Lazy SignalR Notify Enabled
14 Jun 2023 11:30:09,670 | [40] | INFO  | ~35 | MSMQ Initialized.
14 Jun 2023 11:30:10,508 | [42] | INFO  | ~36 | Synced Date Time With DB Server
14 Jun 2023 11:30:11,398 | [39] | INFO  | ~37 | Database Engine Initialized.
14 Jun 2023 11:30:11,420 | [45] | INFO  | ~38 | POP3 Engine Initialized.
14 Jun 2023 11:30:11,427 | [47] | INFO  | ~39 | SMTP Engine Initialized.
14 Jun 2023 11:30:11,458 | [42] | INFO  | ~40 | CRON Engine Initialized.
14 Jun 2023 11:30:11,510 | [39] | INFO  | ~41 | Loading Metadata Users !!
14 Jun 2023 11:30:11,567 | [45] | INFO  | ~42 | TSC:1
14 Jun 2023 11:30:11,568 | [47] | INFO  | ~43 | Loading ORM !!
14 Jun 2023 11:30:11,807 | [39] | INFO  | ~44 | Loading Trusted Subscribers !!
14 Jun 2023 11:30:11,844 | [47] | INFO  | ~45 | Registered Peers IP:192.168.16.113:172.18.11.30
14 Jun 2023 11:30:11,845 | [42] | INFO  | ~46 | Registered NLB Peers192.168.16.113,
14 Jun 2023 11:30:11,845 | [41] | INFO  | ~49 | Server Slave To 192.168.16.185:9095
14 Jun 2023 11:30:11,845 | [39] | INFO  | ~50 | Loading Trusted Devices !!
14 Jun 2023 11:30:11,845 | [40] | INFO  | ~48 | Registered 8 trusted users.
14 Jun 2023 11:30:11,845 | [46] | INFO  | ~47 | Registered NLB Token
14 Jun 2023 11:30:11,884 | [47] | INFO  | ~51 | Cached 3 trusted devices.
14 Jun 2023 11:30:11,884 | [40] | INFO  | ~52 | Loading Application Metadata !!
14 Jun 2023 11:30:12,163 | [45] | INFO  | ~53 | Loading Application Data !!
14 Jun 2023 11:30:12,185 | [41] | INFO  | ~54 | Loading Application Databases : 1
14 Jun 2023 11:30:12,185 | [39] | INFO  | ~56 | Loading Application Rules !!
14 Jun 2023 11:30:12,185 | [47] | INFO  | ~55 | Loading Application Emails !!
14 Jun 2023 11:30:12,201 | [46] | INFO  | ~57 | Loaded Application Rules :1
14 Jun 2023 11:30:12,201 | [40] | INFO  | ~58 | Loading Application Preferences !!
14 Jun 2023 11:30:12,216 | [41] | INFO  | ~59 | Loading MFA Service Actions !!
14 Jun 2023 11:30:12,226 | [45] | INFO  | ~60 | Cached Custom Message Dictionary :7
14 Jun 2023 11:30:12,226 | [46] | INFO  | ~62 | Loading Application Automated Imports !!
14 Jun 2023 11:30:12,226 | [47] | INFO  | ~61 | Loading Status Messages :7
14 Jun 2023 11:30:12,259 | [41] | INFO  | ~63 | Granting Access Privileges To IMPEX Path
14 Jun 2023 11:30:12,271 | [40] | INFO  | ~64 | Cached 1 Bulk Import Sites.
14 Jun 2023 11:30:12,300 | [45] | INFO  | ~65 | Cached Download URL Dictionary :0
14 Jun 2023 11:30:12,300 | [46] | INFO  | ~66 | Loading Pre Defined Scheduled Download URLs :0
14 Jun 2023 11:30:12,300 | [42] | INFO  | ~67 | Cached Application Metadata !!
14 Jun 2023 11:30:12,324 | [40] | INFO  | ~68 | Dynamic Parsing Enabled :3
14 Jun 2023 11:30:12,324 | [45] | INFO  | ~69 | Cached Application Message Map Metadata !!
14 Jun 2023 11:30:12,614 | [42] | INFO  | ~70 | User Scavenger CRON Initialized 

14 Jun 2023 11:30:12,681 | [39] | INFO  | ~71 | LOG Backup CRON Initialized 

14 Jun 2023 11:30:12,701 | [45] | INFO  | ~72 | Loaded Application Emails:4
14 Jun 2023 11:30:12,702 | [46] | INFO  | ~75 | DB Backup CRON Initialized 

14 Jun 2023 11:30:12,702 | [39] | INFO  | ~74 | SMS Monitor CRON Initialized 

14 Jun 2023 11:30:12,705 | [40] | INFO  | ~77 | Memory Monitor CRON Initialized 

14 Jun 2023 11:30:12,704 | [45] | INFO  | ~76 | Memory Monitor CRON Initialized 

14 Jun 2023 11:30:12,708 | [47] | INFO  | ~79 | EOD CRON Initialized 

14 Jun 2023 11:30:12,702 | [42] | INFO  | ~73 | POP Emails CRON Initialized 

14 Jun 2023 11:30:12,714 | [40] | INFO  | ~81 | SignalR Lazy Notify Initialized.
14 Jun 2023 11:30:12,707 | [41] | INFO  | ~78 | Network Monitor CRON Initialized 

14 Jun 2023 11:30:12,713 | [46] | INFO  | ~80 | Impex Transfers Initialized 

14 Jun 2023 11:30:12,815 | [39] | INFO  | ~82 | Hosting http://172.18.11.30:9095/arms/IDBO
14 Jun 2023 11:30:13,530 | [47] | INFO  | ~83 | Hosted 

14 Jun 2023 11:30:13,531 | [40] | INFO  | ~84 | Hosting http://172.18.11.30:9095/arms/IFIO
14 Jun 2023 11:30:13,547 | [46] | INFO  | ~85 | Hosted 

14 Jun 2023 11:30:13,547 | [39] | INFO  | ~86 | Hosting http://172.18.11.30:9095/arms/IDSO
14 Jun 2023 11:30:13,558 | [41] | INFO  | ~87 | Hosted 

14 Jun 2023 11:30:13,558 | [40] | INFO  | ~88 | Hosting http://172.18.11.30:9095/arms/IUSO
14 Jun 2023 11:30:13,586 | [42] | INFO  | ~89 | Hosted 

14 Jun 2023 11:30:13,586 | [39] | INFO  | ~90 | Hosting http://172.18.11.30:9095/arms/ISVO
14 Jun 2023 11:30:13,603 | [45] | INFO  | ~91 | Hosted 

14 Jun 2023 11:30:13,603 | [40] | INFO  | ~92 | Hosting http://172.18.11.30:9095/arms/IMDO
14 Jun 2023 11:30:13,617 | [47] | INFO  | ~93 | Hosted 

14 Jun 2023 11:30:13,618 | [39] | INFO  | ~94 | Hosting http://172.18.11.30:9095/arms/IEMO
14 Jun 2023 11:30:13,630 | [46] | INFO  | ~95 | Hosted 

14 Jun 2023 11:30:13,631 | [40] | INFO  | ~96 | Hosting http://172.18.11.30:9095/arms/ISMO
14 Jun 2023 11:30:13,641 | [41] | INFO  | ~97 | Hosted 

14 Jun 2023 11:30:13,642 | [39] | INFO  | ~98 | Hosting http://172.18.11.30:9095/arms/ILMO
14 Jun 2023 11:30:13,650 | [42] | INFO  | ~99 | Hosted 

14 Jun 2023 11:30:13,650 | [40] | INFO  | ~100 | Hosting http://172.18.11.30:9095/arms/IVER
14 Jun 2023 11:30:13,660 | [45] | INFO  | ~101 | Hosted 

14 Jun 2023 11:30:13,661 | [39] | INFO  | ~102 | Hosting http://172.18.11.30:9095/arms/ISYN
14 Jun 2023 11:30:13,669 | [47] | INFO  | ~103 | Hosted 

14 Jun 2023 11:30:13,670 | [40] | INFO  | ~104 | Hosting http://172.18.11.30:9095/arms/ILBO
14 Jun 2023 11:30:13,681 | [46] | INFO  | ~105 | Hosted 

14 Jun 2023 11:30:13,694 | [39] | INFO  | ~106 | IPC Pipe 8c98741d-b4ee-4f21-bbe1-d1402ccaf8d3 Started
 
14 Jun 2023 14:31:37,425 | [60] | INFO  | ~107 | System Executable :D:\FPDS\NEW_ARMSSERVICE\ARMSSERVICE\ArmsServiceMonitor.exe
14 Jun 2023 14:31:38,672 | [45] | INFO  | ~108 | System Executable :D:\FPDS\NEW_ARMSSERVICE\ARMSSERVICE\ArmsServiceMonitor.exe
14 Jun 2023 14:31:39,733 | [62] | INFO  | ~109 | Initializing Log From Path :D:\FPDS\NEW_ARMSSERVICE\ARMSSERVICE
 
14 Jun 2023 14:31:39,807 | [63] | INFO  | ~110 | Application Path is verified.
14 Jun 2023 14:31:39,807 | [52] | INFO  | ~111 | Logger Engine Initialized.
14 Jun 2023 14:31:39,826 | [49] | INFO  | ~112 | Checked Network Availability.
14 Jun 2023 14:31:39,828 | [59] | INFO  | ~113 | Mapping Directories.
14 Jun 2023 14:31:39,988 | [45] | INFO  | ~114 | DB Backup Set To 0:30
14 Jun 2023 14:31:39,989 | [58] | INFO  | ~115 | Log Backup Set To 17:30
14 Jun 2023 14:31:39,990 | [56] | INFO  | ~116 | EOD Set To 0:1
14 Jun 2023 14:31:40,039 | [41] | INFO  | ~117 | Config Loaded Successfully
14 Jun 2023 14:31:40,041 | [64] | INFO  | ~119 | TSC:9
14 Jun 2023 14:31:40,041 | [12] | INFO  | ~120 | Loading ORM !!
14 Jun 2023 14:31:40,041 | [49] | INFO  | ~118 | Loading Metadata Users !!
14 Jun 2023 14:31:40,402 | [53] | INFO  | ~121 | Loading Trusted Subscribers !!
14 Jun 2023 14:31:40,449 | [63] | INFO  | ~122 | Registered Peers IP:192.168.16.113:172.18.11.30
14 Jun 2023 14:31:40,449 | [12] | INFO  | ~127 | Loading Trusted Devices !!
14 Jun 2023 14:31:40,449 | [62] | INFO  | ~124 | Registered 9 trusted users.
14 Jun 2023 14:31:40,449 | [45] | INFO  | ~123 | Registered NLB Token
14 Jun 2023 14:31:40,453 | [59] | INFO  | ~128 | Cached 3 trusted devices.
14 Jun 2023 14:31:40,449 | [51] | INFO  | ~125 | Registered NLB Peers192.168.16.113,
14 Jun 2023 14:31:40,453 | [41] | INFO  | ~129 | Loading Application Metadata !!
14 Jun 2023 14:31:40,449 | [49] | INFO  | ~126 | Server Slave To 192.168.16.185:9095
14 Jun 2023 14:31:40,565 | [60] | INFO  | ~130 | Loading Application Data !!
14 Jun 2023 14:31:40,565 | [59] | INFO  | ~136 | Loading MFA Service Actions !!
14 Jun 2023 14:31:40,565 | [53] | INFO  | ~132 | Loading Application Rules !!
14 Jun 2023 14:31:40,566 | [41] | INFO  | ~138 | Loading Status Messages :7
14 Jun 2023 14:31:40,565 | [62] | INFO  | ~134 | Loaded Application Rules :1
14 Jun 2023 14:31:40,567 | [49] | INFO  | ~140 | Granting Access Privileges To IMPEX Path
14 Jun 2023 14:31:40,565 | [12] | INFO  | ~133 | Loading Application Emails !!
14 Jun 2023 14:31:40,565 | [63] | INFO  | ~131 | Loading Application Databases : 1
14 Jun 2023 14:31:40,565 | [56] | INFO  | ~137 | Cached Custom Message Dictionary :7
14 Jun 2023 14:31:40,567 | [51] | INFO  | ~139 | Loading Application Automated Imports !!
14 Jun 2023 14:31:40,565 | [45] | INFO  | ~135 | Loading Application Preferences !!
14 Jun 2023 14:31:40,589 | [64] | INFO  | ~141 | Cached 1 Bulk Import Sites.
14 Jun 2023 14:31:40,589 | [83] | INFO  | ~142 | Cached Download URL Dictionary :0
14 Jun 2023 14:31:40,589 | [58] | INFO  | ~143 | Loading Pre Defined Scheduled Download URLs :0
14 Jun 2023 14:31:40,589 | [41] | INFO  | ~144 | Cached Application Metadata !!
14 Jun 2023 14:31:40,600 | [49] | INFO  | ~145 | Cached Application Message Map Metadata !!
14 Jun 2023 14:31:40,600 | [53] | INFO  | ~146 | Dynamic Parsing Enabled :3
14 Jun 2023 14:31:40,623 | [62] | INFO  | ~147 | User Scavenger CRON Initialized 

14 Jun 2023 14:31:40,624 | [64] | INFO  | ~151 | DB Backup CRON Initialized 

14 Jun 2023 14:31:40,624 | [83] | INFO  | ~155 | EOD CRON Initialized 

14 Jun 2023 14:31:40,624 | [41] | INFO  | ~153 | Memory Monitor CRON Initialized 

14 Jun 2023 14:31:40,624 | [84] | INFO  | ~154 | Network Monitor CRON Initialized 

14 Jun 2023 14:31:40,626 | [82] | INFO  | ~157 | SignalR Lazy Notify Initialized.
14 Jun 2023 14:31:40,624 | [51] | INFO  | ~149 | POP Emails CRON Initialized 

14 Jun 2023 14:31:40,623 | [56] | INFO  | ~148 | LOG Backup CRON Initialized 

14 Jun 2023 14:31:40,625 | [58] | INFO  | ~156 | Impex Transfers Initialized 

14 Jun 2023 14:31:40,624 | [45] | INFO  | ~150 | SMS Monitor CRON Initialized 

14 Jun 2023 14:31:40,624 | [52] | INFO  | ~152 | Memory Monitor CRON Initialized 

14 Jun 2023 14:31:40,626 | [12] | INFO  | ~158 | Hosting http://172.18.11.30:9095/arms/IDBO
14 Jun 2023 14:31:40,655 | [86] | INFO  | ~160 | Hosting http://172.18.11.30:9095/arms/IFIO
14 Jun 2023 14:31:40,653 | [49] | INFO  | ~159 | Hosted SData hosted at http://172.18.11.30:9095/arms/IDBO

14 Jun 2023 14:31:40,657 | [83] | INFO  | ~161 | Hosted SFile hosted at http://172.18.11.30:9095/arms/IFIO

14 Jun 2023 14:31:40,657 | [84] | INFO  | ~162 | Hosting http://172.18.11.30:9095/arms/IDSO
14 Jun 2023 14:31:40,660 | [51] | INFO  | ~163 | Hosted SDataStream hosted at http://172.18.11.30:9095/arms/IDSO

14 Jun 2023 14:31:40,660 | [59] | INFO  | ~164 | Hosting http://172.18.11.30:9095/arms/IUSO
14 Jun 2023 14:31:40,669 | [58] | INFO  | ~165 | Hosted SUser hosted at http://172.18.11.30:9095/arms/IUSO

14 Jun 2023 14:31:40,670 | [63] | INFO  | ~166 | Hosting http://172.18.11.30:9095/arms/ISVO
14 Jun 2023 14:31:40,674 | [52] | INFO  | ~167 | Hosted SServer hosted at http://172.18.11.30:9095/arms/ISVO

14 Jun 2023 14:31:40,676 | [62] | INFO  | ~168 | Hosting http://172.18.11.30:9095/arms/IMDO
14 Jun 2023 14:31:40,679 | [64] | INFO  | ~169 | Hosted SDevice hosted at http://172.18.11.30:9095/arms/IMDO

14 Jun 2023 14:31:40,679 | [49] | INFO  | ~170 | Hosting http://172.18.11.30:9095/arms/IEMO
14 Jun 2023 14:31:40,681 | [82] | INFO  | ~171 | Hosted SEmail hosted at http://172.18.11.30:9095/arms/IEMO

14 Jun 2023 14:31:40,681 | [49] | INFO  | ~172 | Hosting http://172.18.11.30:9095/arms/ISMO
14 Jun 2023 14:31:40,685 | [56] | INFO  | ~173 | Hosted SSMS hosted at http://172.18.11.30:9095/arms/ISMO

14 Jun 2023 14:31:40,685 | [51] | INFO  | ~174 | Hosting http://172.18.11.30:9095/arms/ILMO
14 Jun 2023 14:31:40,687 | [51] | INFO  | ~175 | Hosted SLMO hosted at http://172.18.11.30:9095/arms/ILMO

14 Jun 2023 14:31:40,688 | [53] | INFO  | ~176 | Hosting http://172.18.11.30:9095/arms/IVER
14 Jun 2023 14:31:40,689 | [63] | INFO  | ~177 | Hosted SVER hosted at http://172.18.11.30:9095/arms/IVER

14 Jun 2023 14:31:40,691 | [12] | INFO  | ~178 | Hosting http://172.18.11.30:9095/arms/ISYN
14 Jun 2023 14:31:40,693 | [62] | INFO  | ~179 | Hosted SSYN hosted at http://172.18.11.30:9095/arms/ISYN

14 Jun 2023 14:31:40,693 | [41] | INFO  | ~180 | Hosting http://172.18.11.30:9095/arms/ILBO
14 Jun 2023 14:31:40,704 | [83] | INFO  | ~181 | Hosted SNLB hosted at http://172.18.11.30:9095/arms/ILBO

14 Jun 2023 14:31:40,704 | [82] | INFO  | ~182 | IPC Pipe 8c98741d-b4ee-4f21-bbe1-d1402ccaf8d3 Started
14 Jun 2023 14:31:40,706 | [85] | INFO  | ~183 | Web Monitor Initialized At http://172.18.11.30:8888
14 Jun 2023 14:31:40,719 | [58] | INFO  | ~184 | SignalR Service Hosted at http://172.18.11.30:8080

14 Jun 2023 14:31:40,940 | [53] | INFO  | ~185 | Initializing Log From Path :D:\FPDS\NEW_ARMSSERVICE\ARMSSERVICE
 
14 Jun 2023 14:31:41,033 | [64] | INFO  | ~187 | Logger Engine Initialized.
14 Jun 2023 14:31:41,033 | [86] | INFO  | ~186 | Application Path is verified.
14 Jun 2023 14:31:41,040 | [41] | INFO  | ~188 | Checked Network Availability.
14 Jun 2023 14:31:41,040 | [49] | INFO  | ~189 | Mapping Directories.
14 Jun 2023 14:31:41,205 | [83] | INFO  | ~190 | DB Backup Set To 0:30
14 Jun 2023 14:31:41,206 | [85] | INFO  | ~191 | Log Backup Set To 17:30
14 Jun 2023 14:31:41,207 | [61] | INFO  | ~192 | EOD Set To 0:1
14 Jun 2023 14:31:41,274 | [60] | INFO  | ~193 | Config Loaded Successfully
14 Jun 2023 14:31:41,274 | [53] | INFO  | ~194 | Loading Metadata Users !!
14 Jun 2023 14:31:41,274 | [62] | INFO  | ~195 | TSC:10
14 Jun 2023 14:31:41,274 | [12] | INFO  | ~196 | Loading ORM !!
14 Jun 2023 14:31:41,465 | [41] | INFO  | ~197 | Loading Trusted Subscribers !!
14 Jun 2023 14:31:41,473 | [45] | INFO  | ~198 | Registered Peers IP:192.168.16.113:172.18.11.30
14 Jun 2023 14:31:41,473 | [51] | INFO  | ~199 | Registered NLB Token
14 Jun 2023 14:31:41,473 | [83] | INFO  | ~200 | Registered NLB Peers192.168.16.113,
14 Jun 2023 14:31:41,473 | [56] | INFO  | ~203 | Loading Trusted Devices !!
14 Jun 2023 14:31:41,473 | [85] | INFO  | ~201 | Registered 10 trusted users.
14 Jun 2023 14:31:41,473 | [61] | INFO  | ~202 | Server Slave To 192.168.16.185:9095
14 Jun 2023 14:31:41,478 | [62] | INFO  | ~204 | Cached 3 trusted devices.
14 Jun 2023 14:31:41,478 | [12] | INFO  | ~205 | Loading Application Metadata !!
14 Jun 2023 14:31:41,500 | [52] | INFO  | ~206 | Loading Application Data !!
14 Jun 2023 14:31:41,500 | [45] | INFO  | ~209 | Loading Application Rules !!
14 Jun 2023 14:31:41,500 | [49] | INFO  | ~211 | Loading Application Preferences !!
14 Jun 2023 14:31:41,501 | [53] | INFO  | ~212 | Loading MFA Service Actions !!
14 Jun 2023 14:31:41,502 | [82] | INFO  | ~215 | Loading Application Automated Imports !!
14 Jun 2023 14:31:41,500 | [84] | INFO  | ~208 | Loading Application Emails !!
14 Jun 2023 14:31:41,501 | [85] | INFO  | ~213 | Cached Custom Message Dictionary :7
14 Jun 2023 14:31:41,502 | [41] | INFO  | ~216 | Granting Access Privileges To IMPEX Path
14 Jun 2023 14:31:41,500 | [86] | INFO  | ~207 | Loading Application Databases : 1
14 Jun 2023 14:31:41,500 | [59] | INFO  | ~210 | Loaded Application Rules :1
14 Jun 2023 14:31:41,502 | [61] | INFO  | ~214 | Loading Status Messages :7
14 Jun 2023 14:31:41,528 | [52] | INFO  | ~219 | Loading Pre Defined Scheduled Download URLs :0
14 Jun 2023 14:31:41,528 | [60] | INFO  | ~220 | Cached Application Metadata !!
14 Jun 2023 14:31:41,527 | [64] | INFO  | ~218 | Cached Download URL Dictionary :0
14 Jun 2023 14:31:41,527 | [62] | INFO  | ~217 | Cached 1 Bulk Import Sites.
14 Jun 2023 14:31:41,538 | [56] | INFO  | ~222 | Cached Application Message Map Metadata !!
14 Jun 2023 14:31:41,538 | [53] | INFO  | ~221 | Dynamic Parsing Enabled :3
14 Jun 2023 14:31:41,544 | [85] | INFO  | ~226 | POP Emails CRON Initialized 

14 Jun 2023 14:31:41,550 | [41] | INFO  | ~230 | Network Monitor CRON Initialized 

14 Jun 2023 14:31:41,551 | [59] | INFO  | ~232 | Impex Transfers Initialized 

14 Jun 2023 14:31:41,544 | [58] | INFO  | ~224 | LOG Backup CRON Initialized 

14 Jun 2023 14:31:41,544 | [51] | INFO  | ~225 | SMS Monitor CRON Initialized 

14 Jun 2023 14:31:41,544 | [86] | INFO  | ~227 | DB Backup CRON Initialized 

14 Jun 2023 14:31:41,544 | [45] | INFO  | ~223 | User Scavenger CRON Initialized 

14 Jun 2023 14:31:41,551 | [49] | INFO  | ~234 | Hosting http://172.18.11.30:9095/arms/IDBO
14 Jun 2023 14:31:41,550 | [52] | INFO  | ~228 | Memory Monitor CRON Initialized 

14 Jun 2023 14:31:41,550 | [12] | INFO  | ~229 | Memory Monitor CRON Initialized 

14 Jun 2023 14:31:41,551 | [83] | INFO  | ~233 | SignalR Lazy Notify Initialized.
14 Jun 2023 14:31:41,551 | [63] | INFO  | ~231 | EOD CRON Initialized 

14 Jun 2023 14:31:41,576 | [82] | INFO  | ~235 | Hosted 

14 Jun 2023 14:31:41,577 | [60] | INFO  | ~236 | Hosting http://172.18.11.30:9095/arms/IFIO
14 Jun 2023 14:31:41,580 | [62] | INFO  | ~237 | Hosted 

14 Jun 2023 14:31:41,580 | [61] | INFO  | ~238 | Hosting http://172.18.11.30:9095/arms/IDSO
14 Jun 2023 14:31:41,586 | [53] | INFO  | ~240 | Hosting http://172.18.11.30:9095/arms/IUSO
14 Jun 2023 14:31:41,585 | [84] | INFO  | ~239 | Hosted 

14 Jun 2023 14:31:41,594 | [85] | INFO  | ~241 | Hosted 

14 Jun 2023 14:31:41,594 | [86] | INFO  | ~242 | Hosting http://172.18.11.30:9095/arms/ISVO
14 Jun 2023 14:31:41,608 | [58] | INFO  | ~244 | Hosting http://172.18.11.30:9095/arms/IMDO
14 Jun 2023 14:31:41,608 | [59] | INFO  | ~243 | Hosted 

14 Jun 2023 14:31:41,613 | [56] | INFO  | ~245 | Hosted 

14 Jun 2023 14:31:41,613 | [41] | INFO  | ~246 | Hosting http://172.18.11.30:9095/arms/IEMO
14 Jun 2023 14:31:41,619 | [63] | INFO  | ~247 | Hosted 

14 Jun 2023 14:31:41,621 | [49] | INFO  | ~248 | Hosting http://172.18.11.30:9095/arms/ISMO
14 Jun 2023 14:31:41,624 | [58] | INFO  | ~249 | Hosted 

14 Jun 2023 14:31:41,625 | [82] | INFO  | ~250 | Hosting http://172.18.11.30:9095/arms/ILMO
14 Jun 2023 14:31:41,629 | [59] | INFO  | ~251 | Hosted 

14 Jun 2023 14:31:41,629 | [51] | INFO  | ~252 | Hosting http://172.18.11.30:9095/arms/IVER
14 Jun 2023 14:31:41,636 | [62] | INFO  | ~254 | Hosting http://172.18.11.30:9095/arms/ISYN
14 Jun 2023 14:31:41,635 | [41] | INFO  | ~253 | Hosted 

14 Jun 2023 14:31:41,642 | [49] | INFO  | ~256 | Hosting http://172.18.11.30:9095/arms/ILBO
14 Jun 2023 14:31:41,642 | [63] | INFO  | ~255 | Hosted 

14 Jun 2023 14:31:41,651 | [82] | INFO  | ~257 | Hosted 

14 Jun 2023 14:31:41,651 | [45] | INFO  | ~258 | IPC Pipe 8c98741d-b4ee-4f21-bbe1-d1402ccaf8d3 Started
 
14 Jun 2023 14:32:12,435 | [20] | INFO  | ~1 | System Executable :D:\FPDS\NEW_ARMSSERVICE\ARMSSERVICE\ArmsServiceMonitor.exe
14 Jun 2023 14:32:12,445 | [24] | INFO  | ~2 | Initializing Log From Path :D:\FPDS\NEW_ARMSSERVICE\ARMSSERVICE
 
14 Jun 2023 14:32:12,569 | [21] | INFO  | ~3 | Application Path is verified.
14 Jun 2023 14:32:12,569 | [25] | INFO  | ~4 | Logger Engine Initialized.
14 Jun 2023 14:32:12,573 | [20] | INFO  | ~6 | Mapping Directories.
14 Jun 2023 14:32:12,573 | [24] | INFO  | ~5 | Checked Network Availability.
14 Jun 2023 14:32:12,889 | [21] | INFO  | ~7 | DB Backup Set To 0:30
14 Jun 2023 14:32:12,891 | [19] | INFO  | ~8 | Log Backup Set To 17:30
14 Jun 2023 14:32:12,894 | [20] | INFO  | ~9 | EOD Set To 0:1
14 Jun 2023 14:32:12,971 | [24] | INFO  | ~10 | Config Loaded Successfully
14 Jun 2023 14:32:33,113 | [25] | INFO  | ~11 | System Executable :D:\FPDS\NEW_ARMSSERVICE\ARMSSERVICE\ArmsServiceMonitor.exe
14 Jun 2023 14:32:33,122 | [16] | INFO  | ~12 | Initializing Log From Path :D:\FPDS\NEW_ARMSSERVICE\ARMSSERVICE
 
14 Jun 2023 14:32:33,209 | [24] | INFO  | ~13 | Application Path is verified.
14 Jun 2023 14:32:33,209 | [25] | INFO  | ~14 | Logger Engine Initialized.
14 Jun 2023 14:32:33,218 | [22] | INFO  | ~15 | Checked Network Availability.
14 Jun 2023 14:32:33,218 | [21] | INFO  | ~16 | Mapping Directories.
14 Jun 2023 14:32:33,370 | [19] | INFO  | ~17 | DB Backup Set To 0:30
14 Jun 2023 14:32:33,371 | [24] | INFO  | ~18 | Log Backup Set To 17:30
14 Jun 2023 14:32:33,373 | [16] | INFO  | ~19 | EOD Set To 0:1
14 Jun 2023 14:32:33,426 | [22] | INFO  | ~20 | Config Loaded Successfully
14 Jun 2023 14:32:34,058 | [16] | INFO  | ~21 | System Executable :D:\FPDS\NEW_ARMSSERVICE\ARMSSERVICE\ArmsServiceMonitor.exe
14 Jun 2023 14:32:34,068 | [24] | INFO  | ~22 | Initializing Log From Path :D:\FPDS\NEW_ARMSSERVICE\ARMSSERVICE
 
14 Jun 2023 14:32:34,141 | [25] | INFO  | ~23 | Application Path is verified.
14 Jun 2023 14:32:34,141 | [21] | INFO  | ~24 | Logger Engine Initialized.
14 Jun 2023 14:32:34,150 | [17] | INFO  | ~25 | Checked Network Availability.
14 Jun 2023 14:32:34,150 | [19] | INFO  | ~26 | Mapping Directories.
14 Jun 2023 14:32:34,297 | [16] | INFO  | ~27 | DB Backup Set To 0:30
14 Jun 2023 14:32:34,299 | [21] | INFO  | ~28 | Log Backup Set To 17:30
14 Jun 2023 14:32:34,300 | [22] | INFO  | ~29 | EOD Set To 0:1
14 Jun 2023 14:32:34,356 | [21] | INFO  | ~30 | Config Loaded Successfully
14 Jun 2023 14:32:34,358 | [25] | INFO  | ~31 | Setting File Import Cache
14 Jun 2023 14:32:34,856 | [24] | INFO  | ~32 | Lazy DS Processing Enabled
14 Jun 2023 14:32:35,886 | [17] | INFO  | ~33 | Lazy Audit Write Enabled
14 Jun 2023 14:32:36,022 | [19] | INFO  | ~34 | Lazy SignalR Notify Enabled
14 Jun 2023 14:32:36,022 | [16] | INFO  | ~35 | MSMQ Initialized.
14 Jun 2023 14:32:37,060 | [25] | INFO  | ~36 | Synced Date Time With DB Server
14 Jun 2023 14:32:37,375 | [19] | INFO  | ~37 | Database Engine Initialized.
14 Jun 2023 14:32:37,384 | [17] | INFO  | ~38 | POP3 Engine Initialized.
14 Jun 2023 14:32:37,386 | [22] | INFO  | ~39 | SMTP Engine Initialized.
14 Jun 2023 14:32:37,392 | [25] | INFO  | ~40 | CRON Engine Initialized.
14 Jun 2023 14:32:37,400 | [19] | INFO  | ~41 | Loading Metadata Users !!
14 Jun 2023 14:32:37,412 | [17] | INFO  | ~42 | TSC:1
14 Jun 2023 14:32:37,412 | [22] | INFO  | ~43 | Loading ORM !!
14 Jun 2023 14:32:37,489 | [19] | INFO  | ~44 | Loading Trusted Subscribers !!
14 Jun 2023 14:32:37,512 | [22] | INFO  | ~45 | Registered Peers IP:192.168.16.113:172.18.11.30
14 Jun 2023 14:32:37,512 | [16] | INFO  | ~47 | Registered NLB Token
14 Jun 2023 14:32:37,512 | [19] | INFO  | ~48 | Registered 8 trusted users.
14 Jun 2023 14:32:37,512 | [17] | INFO  | ~49 | Server Slave To 192.168.16.185:9095
14 Jun 2023 14:32:37,513 | [24] | INFO  | ~50 | Loading Trusted Devices !!
14 Jun 2023 14:32:37,512 | [25] | INFO  | ~46 | Registered NLB Peers192.168.16.113,
14 Jun 2023 14:32:37,531 | [22] | INFO  | ~51 | Cached 3 trusted devices.
14 Jun 2023 14:32:37,531 | [16] | INFO  | ~52 | Loading Application Metadata !!
14 Jun 2023 14:32:38,074 | [13] | INFO  | ~53 | Loading Application Data !!
14 Jun 2023 14:32:38,083 | [17] | INFO  | ~54 | Loading Application Databases : 1
14 Jun 2023 14:32:38,083 | [25] | INFO  | ~56 | Loading Application Rules !!
14 Jun 2023 14:32:38,083 | [22] | INFO  | ~55 | Loading Application Emails !!
14 Jun 2023 14:32:38,089 | [13] | INFO  | ~57 | Loaded Application Rules :1
14 Jun 2023 14:32:38,089 | [24] | INFO  | ~58 | Loading Application Preferences !!
14 Jun 2023 14:32:38,097 | [19] | INFO  | ~59 | Loading MFA Service Actions !!
14 Jun 2023 14:32:38,103 | [16] | INFO  | ~60 | Cached Custom Message Dictionary :7
14 Jun 2023 14:32:38,103 | [22] | INFO  | ~62 | Loading Application Automated Imports !!
14 Jun 2023 14:32:38,103 | [21] | INFO  | ~61 | Loading Status Messages :7
14 Jun 2023 14:32:38,125 | [17] | INFO  | ~63 | Granting Access Privileges To IMPEX Path
14 Jun 2023 14:32:38,130 | [25] | INFO  | ~64 | Cached 1 Bulk Import Sites.
14 Jun 2023 14:32:38,143 | [13] | INFO  | ~66 | Loading Pre Defined Scheduled Download URLs :0
14 Jun 2023 14:32:38,143 | [16] | INFO  | ~67 | Cached Application Metadata !!
14 Jun 2023 14:32:38,143 | [21] | INFO  | ~65 | Cached Download URL Dictionary :0
14 Jun 2023 14:32:38,160 | [17] | INFO  | ~69 | Cached Application Message Map Metadata !!
14 Jun 2023 14:32:38,160 | [25] | INFO  | ~68 | Dynamic Parsing Enabled :3
14 Jun 2023 14:32:38,538 | [16] | INFO  | ~70 | User Scavenger CRON Initialized 

14 Jun 2023 14:32:38,586 | [24] | INFO  | ~71 | LOG Backup CRON Initialized 

14 Jun 2023 14:32:38,601 | [13] | INFO  | ~72 | Loaded Application Emails:4
14 Jun 2023 14:32:38,602 | [21] | INFO  | ~73 | POP Emails CRON Initialized 

14 Jun 2023 14:32:38,603 | [22] | INFO  | ~76 | Memory Monitor CRON Initialized 

14 Jun 2023 14:32:38,602 | [19] | INFO  | ~74 | SMS Monitor CRON Initialized 

14 Jun 2023 14:32:38,602 | [17] | INFO  | ~75 | DB Backup CRON Initialized 

14 Jun 2023 14:32:38,604 | [16] | INFO  | ~77 | Memory Monitor CRON Initialized 

14 Jun 2023 14:32:38,604 | [13] | INFO  | ~78 | Network Monitor CRON Initialized 

14 Jun 2023 14:32:38,610 | [25] | INFO  | ~81 | SignalR Lazy Notify Initialized.
14 Jun 2023 14:32:38,606 | [21] | INFO  | ~79 | EOD CRON Initialized 

14 Jun 2023 14:32:38,609 | [24] | INFO  | ~80 | Impex Transfers Initialized 

14 Jun 2023 14:32:38,849 | [17] | INFO  | ~82 | Hosting http://172.18.11.30:9095/arms/IDBO
14 Jun 2023 14:32:39,035 | [22] | INFO  | ~83 | Hosted SData hosted at http://172.18.11.30:9095/arms/IDBO

14 Jun 2023 14:32:39,035 | [13] | INFO  | ~84 | Hosting http://172.18.11.30:9095/arms/IFIO
14 Jun 2023 14:32:39,045 | [21] | INFO  | ~85 | Hosted SFile hosted at http://172.18.11.30:9095/arms/IFIO

14 Jun 2023 14:32:39,045 | [16] | INFO  | ~86 | Hosting http://172.18.11.30:9095/arms/IDSO
14 Jun 2023 14:32:39,047 | [22] | INFO  | ~88 | Hosting http://172.18.11.30:9095/arms/IUSO
14 Jun 2023 14:32:39,047 | [19] | INFO  | ~87 | Hosted SDataStream hosted at http://172.18.11.30:9095/arms/IDSO

14 Jun 2023 14:32:39,059 | [24] | INFO  | ~89 | Hosted SUser hosted at http://172.18.11.30:9095/arms/IUSO

14 Jun 2023 14:32:39,059 | [21] | INFO  | ~90 | Hosting http://172.18.11.30:9095/arms/ISVO
14 Jun 2023 14:32:39,070 | [13] | INFO  | ~91 | Hosted SServer hosted at http://172.18.11.30:9095/arms/ISVO

14 Jun 2023 14:32:39,070 | [22] | INFO  | ~92 | Hosting http://172.18.11.30:9095/arms/IMDO
14 Jun 2023 14:32:39,074 | [17] | INFO  | ~93 | Hosted SDevice hosted at http://172.18.11.30:9095/arms/IMDO

14 Jun 2023 14:32:39,074 | [24] | INFO  | ~94 | Hosting http://172.18.11.30:9095/arms/IEMO
14 Jun 2023 14:32:39,077 | [16] | INFO  | ~95 | Hosted SEmail hosted at http://172.18.11.30:9095/arms/IEMO

14 Jun 2023 14:32:39,077 | [24] | INFO  | ~96 | Hosting http://172.18.11.30:9095/arms/ISMO
14 Jun 2023 14:32:39,079 | [22] | INFO  | ~97 | Hosted SSMS hosted at http://172.18.11.30:9095/arms/ISMO

14 Jun 2023 14:32:39,080 | [21] | INFO  | ~98 | Hosting http://172.18.11.30:9095/arms/ILMO
14 Jun 2023 14:32:39,082 | [19] | INFO  | ~99 | Hosted SLMO hosted at http://172.18.11.30:9095/arms/ILMO

14 Jun 2023 14:32:39,082 | [16] | INFO  | ~100 | Hosting http://172.18.11.30:9095/arms/IVER
14 Jun 2023 14:32:39,098 | [25] | INFO  | ~101 | Hosted SVER hosted at http://172.18.11.30:9095/arms/IVER

14 Jun 2023 14:32:39,099 | [22] | INFO  | ~102 | Hosting http://172.18.11.30:9095/arms/ISYN
14 Jun 2023 14:32:39,101 | [24] | INFO  | ~103 | Hosted SSYN hosted at http://172.18.11.30:9095/arms/ISYN

14 Jun 2023 14:32:39,101 | [19] | INFO  | ~104 | Hosting http://172.18.11.30:9095/arms/ILBO
14 Jun 2023 14:32:39,117 | [17] | INFO  | ~105 | Hosted SNLB hosted at http://172.18.11.30:9095/arms/ILBO

14 Jun 2023 14:32:39,121 | [25] | INFO  | ~106 | IPC Pipe 9ad13d61-3e70-4f79-a155-96a359e1711c Started
14 Jun 2023 14:32:39,131 | [21] | INFO  | ~107 | Web Monitor Initialized At http://172.18.11.30:8888
14 Jun 2023 14:32:42,178 | [17] | INFO  | ~108 | SignalR Service Hosted at http://172.18.11.30:8080

14 Jun 2023 14:47:37,718 | [21] | INFO  | ~109 | D:\FPDS\NEW_ARMSSERVICE\ARMSSERVICE\NAS\\USERS\1 Created At 14-06-2023 09:17:37
