23 Nov 2023 18:29:52,834 | [4] | INFO  | ~1 | System Executable :D:\FPDS\NEW_ARMSSERVICE\ARMSSERVICE\ArmsWindowsService.exe
23 Nov 2023 18:29:55,208 | [6] | INFO  | ~2 | Initializing Log From Path :D:\FPDS\NEW_ARMSSERVICE\ARMSSERVICE
 
23 Nov 2023 18:29:55,437 | [5] | INFO  | ~3 | Application Path is verified.
23 Nov 2023 18:29:55,438 | [5] | INFO  | ~4 | Logger Engine Initialized.
23 Nov 2023 18:29:55,439 | [5] | INFO  | ~5 | Checked Network Availability.
23 Nov 2023 18:29:55,444 | [8] | INFO  | ~6 | Mapping Directories.
23 Nov 2023 18:29:56,597 | [5] | INFO  | ~7 | DB Backup Set To 0:30
23 Nov 2023 18:29:56,600 | [8] | INFO  | ~8 | Log Backup Set To 17:30
23 Nov 2023 18:29:56,601 | [4] | INFO  | ~9 | EOD Set To 0:1
23 Nov 2023 18:29:56,730 | [8] | INFO  | ~10 | Config Loaded Successfully
23 Nov 2023 18:29:58,176 | [6] | INFO  | ~11 | System Executable :D:\FPDS\NEW_ARMSSERVICE\ARMSSERVICE\ArmsWindowsService.exe
23 Nov 2023 18:29:59,394 | [10] | INFO  | ~12 | Initializing Log From Path :D:\FPDS\NEW_ARMSSERVICE\ARMSSERVICE
 
23 Nov 2023 18:29:59,517 | [8] | INFO  | ~13 | Application Path is verified.
23 Nov 2023 18:29:59,517 | [6] | INFO  | ~14 | Logger Engine Initialized.
23 Nov 2023 18:29:59,604 | [10] | INFO  | ~15 | Checked Network Availability.
23 Nov 2023 18:29:59,604 | [9] | INFO  | ~16 | Mapping Directories.
23 Nov 2023 18:29:59,903 | [6] | INFO  | ~17 | DB Backup Set To 0:30
23 Nov 2023 18:29:59,913 | [10] | INFO  | ~18 | Log Backup Set To 17:30
23 Nov 2023 18:29:59,913 | [9] | INFO  | ~19 | EOD Set To 0:1
23 Nov 2023 18:30:00,035 | [6] | INFO  | ~20 | Config Loaded Successfully
23 Nov 2023 18:30:00,192 | [15] | INFO  | ~21 | System Executable :D:\FPDS\NEW_ARMSSERVICE\ARMSSERVICE\ArmsWindowsService.exe
 
23 Nov 2023 18:30:00,428 | [15] | INFO  | ~23 | Application Path is verified.
23 Nov 2023 18:30:00,428 | [6] | INFO  | ~24 | Logger Engine Initialized.
23 Nov 2023 18:30:00,493 | [8] | INFO  | ~25 | Checked Network Availability.
23 Nov 2023 18:30:00,493 | [9] | INFO  | ~26 | Mapping Directories.
23 Nov 2023 18:30:00,667 | [15] | INFO  | ~27 | DB Backup Set To 0:30
23 Nov 2023 18:30:00,677 | [13] | INFO  | ~28 | Log Backup Set To 17:30
23 Nov 2023 18:30:00,677 | [10] | INFO  | ~29 | EOD Set To 0:1
23 Nov 2023 18:30:00,742 | [15] | INFO  | ~30 | Config Loaded Successfully
23 Nov 2023 18:30:00,751 | [9] | INFO  | ~31 | Setting File Import Cache
23 Nov 2023 18:30:01,321 | [4] | INFO  | ~32 | Lazy DS Processing Enabled
23 Nov 2023 18:30:02,195 | [13] | INFO  | ~33 | Lazy Audit Write Enabled
23 Nov 2023 18:30:02,306 | [6] | INFO  | ~34 | Lazy SignalR Notify Enabled
23 Nov 2023 18:30:02,307 | [9] | INFO  | ~35 | MSMQ Initialized.
23 Nov 2023 19:03:22,520 | [96] | INFO  | ~36 | Database NOT Initialized.
23 Nov 2023 19:03:22,547 | [97] | INFO  | ~37 | Loading Metadata Users !!
23 Nov 2023 19:03:22,584 | [99] | INFO  | ~38 | TSC:1
 
